2026-05-19 17:39:31 | DEBUG | P02 | No variables found in .env
2026-05-19 17:39:31 | INFO | P02 | === RUN START ===
2026-05-19 17:39:31 | INFO | P02 | project=P02
2026-05-19 17:39:31 | INFO | P02 | repo_dir=streaming-02-kafka
2026-05-19 17:39:31 | INFO | P02 | python=3.14.4
2026-05-19 17:39:31 | INFO | P02 | os=Linux 6.6.114.1-microsoft-standard-WSL2
2026-05-19 17:39:31 | INFO | P02 | shell=bash
2026-05-19 17:39:31 | INFO | P02 | cwd=.
2026-05-19 17:39:31 | INFO | P02 | github_actions=False
2026-05-19 17:39:31 | INFO | P02 | ========================
2026-05-19 17:39:31 | INFO | P02 | START producer main()
2026-05-19 17:39:31 | INFO | P02 | ========================
2026-05-19 17:39:31 | INFO | P02 | ROOT_DIR = .
2026-05-19 17:39:31 | INFO | P02 | DATA_DIR = data
2026-05-19 17:39:31 | INFO | P02 | SALES_CSV = data/sales.csv
2026-05-19 17:39:31 | INFO | P02 | ========================
2026-05-19 17:39:31 | INFO | P02 | SECTION A. Acquire
2026-05-19 17:39:31 | INFO | P02 | ========================
2026-05-19 17:39:31 | INFO | P02 | Loading settings from .env...
2026-05-19 17:39:31 | INFO | P02 | KAFKA_BOOTSTRAP_SERVERS           = localhost:9092
2026-05-19 17:39:31 | INFO | P02 | KAFKA_TOPIC                       = product-sales-case
2026-05-19 17:39:31 | INFO | P02 | PRODUCER_MESSAGE_COUNT            = 6
2026-05-19 17:39:31 | INFO | P02 | PRODUCER_MESSAGE_INTERVAL_SECONDS = 2.0
2026-05-19 17:39:31 | INFO | P02 | KAFKA_CLEAR_TOPIC_ON_START        = False
2026-05-19 17:39:31 | INFO | P02 | Verifying Kafka connection...
2026-05-19 17:39:31 | INFO | P02 | Kafka port is reachable.
2026-05-19 17:39:31 | INFO | P02 | ========================
2026-05-19 17:39:31 | INFO | P02 | SECTION P. Produce Messages
2026-05-19 17:39:31 | INFO | P02 | ========================
2026-05-19 17:39:31 | INFO | P02 | Sending messages...
2026-05-19 17:39:31 | INFO | P02 | Sending up to 6 message(s) to topic 'product-sales-case'.
2026-05-19 17:39:31 | INFO | P02 | Watch each sale arrive. Press CTRL+C to stop early.

2026-05-19 17:39:31 | INFO | P02 | {
  order_id: e7324981-a9f0-419f-b708-d0a333451fff
  datetime: 2026-05-04T08:11:00Z
  region_id: US-TX
  currency_code: USD
  product_id: PY-STREAM-005
  unit_price: 59.99
  quantity: 3
  is_online: true
  customer_id: CUST-4150
  is_new_customer: false
  device_type: tablet
  payment_method: paypal
  referral_source: paid_search
  discount_code: 
  customer_note: Gift for my team
}
2026-05-19 17:39:31 | INFO | P02 |   Sending message with key=US-TX
2026-05-19 17:39:32 | INFO | P02 |   MESSAGE SENT  sent=1
2026-05-19 17:39:34 | INFO | P02 | {
  order_id: d61943e0-f543-4b5f-9c9a-18605ea4cfe5
  datetime: 2026-05-04T08:23:00Z
  region_id: US-TX
  currency_code: USD
  product_id: PY-DATA-002
  unit_price: 49.99
  quantity: 1
  is_online: true
  customer_id: CUST-1106
  is_new_customer: false
  device_type: mobile
  payment_method: paypal
  referral_source: paid_search
  discount_code: 
  customer_note: Gift for my team
}
2026-05-19 17:39:34 | INFO | P02 |   Sending message with key=US-TX
2026-05-19 17:39:34 | INFO | P02 |   MESSAGE SENT  sent=2
2026-05-19 17:39:36 | INFO | P02 | {
  order_id: 14da1915-8e74-47be-9e10-f7275d31af46
  datetime: 2026-05-04T08:28:00Z
  region_id: CA-QC
  currency_code: CAD
  product_id: PY-NLP-006
  unit_price: 54.99
  quantity: 1
  is_online: true
  customer_id: CUST-2133
  is_new_customer: false
  device_type: desktop
  payment_method: paypal
  referral_source: organic
  discount_code: 
  customer_note: Learning at my own pace
}
2026-05-19 17:39:36 | INFO | P02 |   Sending message with key=CA-QC
2026-05-19 17:39:36 | INFO | P02 |   MESSAGE SENT  sent=3
2026-05-19 17:39:38 | INFO | P02 | {
  order_id: d77ed935-9b28-431d-bc25-0a3fd98f4154
  datetime: 2026-05-04T08:40:00Z
  region_id: US-CA
  currency_code: USD
  product_id: PY-STREAM-005
  unit_price: 59.99
  quantity: 1
  is_online: true
  customer_id: CUST-5333
  is_new_customer: false
  device_type: mobile
  payment_method: paypal
  referral_source: organic
  discount_code: 
  customer_note: Highly recommend
}
2026-05-19 17:39:38 | INFO | P02 |   Sending message with key=US-CA
2026-05-19 17:39:38 | INFO | P02 |   MESSAGE SENT  sent=4
2026-05-19 17:39:40 | INFO | P02 | {
  order_id: 24b91995-25f8-4ad7-8fa6-2e4c15750e5e
  datetime: 2026-05-04T08:41:00Z
  region_id: US-MO
  currency_code: USD
  product_id: PY-VIZ-003
  unit_price: 39.99
  quantity: 1
  is_online: true
  customer_id: CUST-8573
  is_new_customer: false
  device_type: mobile
  payment_method: apple_pay
  referral_source: paid_search
  discount_code: 
  customer_note: Learning at my own pace
}
2026-05-19 17:39:40 | INFO | P02 |   Sending message with key=US-MO
2026-05-19 17:39:40 | INFO | P02 |   MESSAGE SENT  sent=5
2026-05-19 17:39:42 | INFO | P02 | {
  order_id: 1ec0fc8b-998c-4f43-8a66-19e1fa7d5fa8
  datetime: 2026-05-04T08:54:00Z
  region_id: CA-ON
  currency_code: CAD
  product_id: PY-SQL-004
  unit_price: 44.99
  quantity: 1
  is_online: true
  customer_id: CUST-8062
  is_new_customer: false
  device_type: tablet
  payment_method: paypal
  referral_source: organic
  discount_code: 
  customer_note: 
}
2026-05-19 17:39:42 | INFO | P02 |   Sending message with key=CA-ON
2026-05-19 17:39:42 | INFO | P02 |   MESSAGE SENT  sent=6
2026-05-19 17:39:44 | INFO | P02 | ========================
2026-05-19 17:39:44 | INFO | P02 | SECTION E. Exit
2026-05-19 17:39:44 | INFO | P02 | ========================
2026-05-19 17:39:44 | INFO | P02 | Summary:
2026-05-19 17:39:44 | INFO | P02 | Sent 6 message(s) to topic 'product-sales-case'.
2026-05-19 17:39:44 | INFO | P02 | ========================
2026-05-19 17:39:44 | INFO | P02 | Producer executed successfully!
2026-05-19 17:39:44 | INFO | P02 | ========================
2026-05-19 17:42:25 | DEBUG | C02 | No variables found in .env
2026-05-19 17:42:25 | INFO | C02 | === RUN START ===
2026-05-19 17:42:25 | INFO | C02 | project=C02
2026-05-19 17:42:25 | INFO | C02 | repo_dir=streaming-02-kafka
2026-05-19 17:42:25 | INFO | C02 | python=3.14.4
2026-05-19 17:42:25 | INFO | C02 | os=Linux 6.6.114.1-microsoft-standard-WSL2
2026-05-19 17:42:25 | INFO | C02 | shell=bash
2026-05-19 17:42:25 | INFO | C02 | cwd=.
2026-05-19 17:42:25 | INFO | C02 | github_actions=False
2026-05-19 17:42:25 | INFO | C02 | ========================
2026-05-19 17:42:25 | INFO | C02 | START consumer main()
2026-05-19 17:42:25 | INFO | C02 | ========================
2026-05-19 17:42:25 | INFO | C02 | ROOT_DIR = .
2026-05-19 17:42:25 | INFO | C02 | DATA_DIR = data
2026-05-19 17:42:25 | INFO | C02 | OUTPUT_CSV = data/output/consumed_sales.csv
2026-05-19 17:42:25 | INFO | C02 | ========================
2026-05-19 17:42:25 | INFO | C02 | SECTION A. Acquire
2026-05-19 17:42:25 | INFO | C02 | ========================
2026-05-19 17:42:25 | INFO | C02 | Loading settings from .env...
2026-05-19 17:42:25 | INFO | C02 | KAFKA_BOOTSTRAP_SERVERS  = localhost:9092
2026-05-19 17:42:25 | INFO | C02 | KAFKA_TOPIC              = product-sales-case
2026-05-19 17:42:25 | INFO | C02 | KAFKA_GROUP_ID           = streaming-consumer-group-A
2026-05-19 17:42:25 | INFO | C02 | CONSUMER_TIMEOUT_SECONDS = 10.0
2026-05-19 17:42:25 | INFO | C02 | CONSUMER_MAX_MESSAGES    = 1000
2026-05-19 17:42:25 | INFO | C02 | Verifying Kafka connection...
2026-05-19 17:42:25 | INFO | C02 | Kafka port is reachable.
2026-05-19 17:42:25 | INFO | C02 | Verifying Kafka topic...
2026-05-19 17:42:25 | INFO | C02 | Topic 'product-sales-case' exists.
2026-05-19 17:42:25 | INFO | C02 | Found 6 message(s) available.
2026-05-19 17:42:25 | INFO | C02 | Creating Kafka consumer...
2026-05-19 17:42:25 | INFO | C02 | Subscribed to topic: 'product-sales-case' (reading from beginning)
2026-05-19 17:42:26 | INFO | C02 | ========================
2026-05-19 17:42:26 | INFO | C02 | SECTION C. Consume and Process Messages
2026-05-19 17:42:26 | INFO | C02 | ========================
2026-05-19 17:42:26 | INFO | C02 | Initializing output...
2026-05-19 17:42:26 | INFO | C02 | Output CSV cleared: consumed_sales.csv
2026-05-19 17:42:26 | INFO | C02 | Consuming messages...
2026-05-19 17:42:26 | INFO | C02 | Waiting for up to 1000 message(s).
2026-05-19 17:42:26 | INFO | C02 | Press CTRL+C to stop early.

2026-05-19 17:42:32 | INFO | C02 | {'currency_code': 'USD', 'customer_id': 'CUST-4150', 'customer_note': 'Gift for my team', 'datetime': '2026-05-04T08:11:00Z', 'device_type': 'tablet', 'discount_code': '', 'is_new_customer': 'false', 'is_online': 'true', 'order_id': 'e7324981-a9f0-419f-b708-d0a333451fff', 'payment_method': 'paypal', 'product_id': 'PY-STREAM-005', 'quantity': '3', 'referral_source': 'paid_search', 'region_id': 'US-TX', 'unit_price': '59.99', '_kafka_key': 'US-TX', '_kafka_partition': 0, '_kafka_offset': 0}
2026-05-19 17:42:32 | INFO | C02 | Processing raw message.
2026-05-19 17:42:32 | INFO | C02 | MESSAGE CONSUMED
2026-05-19 17:42:32 | INFO | C02 | consumed=1
2026-05-19 17:42:32 | INFO | C02 | {'currency_code': 'USD', 'customer_id': 'CUST-1106', 'customer_note': 'Gift for my team', 'datetime': '2026-05-04T08:23:00Z', 'device_type': 'mobile', 'discount_code': '', 'is_new_customer': 'false', 'is_online': 'true', 'order_id': 'd61943e0-f543-4b5f-9c9a-18605ea4cfe5', 'payment_method': 'paypal', 'product_id': 'PY-DATA-002', 'quantity': '1', 'referral_source': 'paid_search', 'region_id': 'US-TX', 'unit_price': '49.99', '_kafka_key': 'US-TX', '_kafka_partition': 0, '_kafka_offset': 1}
2026-05-19 17:42:32 | INFO | C02 | Processing raw message.
2026-05-19 17:42:32 | INFO | C02 | MESSAGE CONSUMED
2026-05-19 17:42:32 | INFO | C02 | consumed=2
2026-05-19 17:42:32 | INFO | C02 | {'currency_code': 'CAD', 'customer_id': 'CUST-2133', 'customer_note': 'Learning at my own pace', 'datetime': '2026-05-04T08:28:00Z', 'device_type': 'desktop', 'discount_code': '', 'is_new_customer': 'false', 'is_online': 'true', 'order_id': '14da1915-8e74-47be-9e10-f7275d31af46', 'payment_method': 'paypal', 'product_id': 'PY-NLP-006', 'quantity': '1', 'referral_source': 'organic', 'region_id': 'CA-QC', 'unit_price': '54.99', '_kafka_key': 'CA-QC', '_kafka_partition': 0, '_kafka_offset': 2}
2026-05-19 17:42:32 | INFO | C02 | Processing raw message.
2026-05-19 17:42:32 | INFO | C02 | MESSAGE CONSUMED
2026-05-19 17:42:32 | INFO | C02 | consumed=3
2026-05-19 17:42:32 | INFO | C02 | {'currency_code': 'USD', 'customer_id': 'CUST-5333', 'customer_note': 'Highly recommend', 'datetime': '2026-05-04T08:40:00Z', 'device_type': 'mobile', 'discount_code': '', 'is_new_customer': 'false', 'is_online': 'true', 'order_id': 'd77ed935-9b28-431d-bc25-0a3fd98f4154', 'payment_method': 'paypal', 'product_id': 'PY-STREAM-005', 'quantity': '1', 'referral_source': 'organic', 'region_id': 'US-CA', 'unit_price': '59.99', '_kafka_key': 'US-CA', '_kafka_partition': 0, '_kafka_offset': 3}
2026-05-19 17:42:32 | INFO | C02 | Processing raw message.
2026-05-19 17:42:32 | INFO | C02 | MESSAGE CONSUMED
2026-05-19 17:42:32 | INFO | C02 | consumed=4
2026-05-19 17:42:32 | INFO | C02 | {'currency_code': 'USD', 'customer_id': 'CUST-8573', 'customer_note': 'Learning at my own pace', 'datetime': '2026-05-04T08:41:00Z', 'device_type': 'mobile', 'discount_code': '', 'is_new_customer': 'false', 'is_online': 'true', 'order_id': '24b91995-25f8-4ad7-8fa6-2e4c15750e5e', 'payment_method': 'apple_pay', 'product_id': 'PY-VIZ-003', 'quantity': '1', 'referral_source': 'paid_search', 'region_id': 'US-MO', 'unit_price': '39.99', '_kafka_key': 'US-MO', '_kafka_partition': 0, '_kafka_offset': 4}
2026-05-19 17:42:32 | INFO | C02 | Processing raw message.
2026-05-19 17:42:32 | INFO | C02 | MESSAGE CONSUMED
2026-05-19 17:42:32 | INFO | C02 | consumed=5
2026-05-19 17:42:32 | INFO | C02 | {'currency_code': 'CAD', 'customer_id': 'CUST-8062', 'customer_note': '', 'datetime': '2026-05-04T08:54:00Z', 'device_type': 'tablet', 'discount_code': '', 'is_new_customer': 'false', 'is_online': 'true', 'order_id': '1ec0fc8b-998c-4f43-8a66-19e1fa7d5fa8', 'payment_method': 'paypal', 'product_id': 'PY-SQL-004', 'quantity': '1', 'referral_source': 'organic', 'region_id': 'CA-ON', 'unit_price': '44.99', '_kafka_key': 'CA-ON', '_kafka_partition': 0, '_kafka_offset': 5}
2026-05-19 17:42:32 | INFO | C02 | Processing raw message.
2026-05-19 17:42:32 | INFO | C02 | MESSAGE CONSUMED
2026-05-19 17:42:32 | INFO | C02 | consumed=6
2026-05-19 17:42:42 | INFO | C02 | No message received within 10.0s timeout.
2026-05-19 17:42:42 | INFO | C02 | Producer finished or paused. Stopping consumer.
2026-05-19 17:42:42 | INFO | C02 | Kafka consumer closed.
2026-05-19 17:42:42 | INFO | C02 | ========================
2026-05-19 17:42:42 | INFO | C02 | SECTION E. Exit
2026-05-19 17:42:42 | INFO | C02 | ========================
2026-05-19 17:42:42 | INFO | C02 | Summary:
2026-05-19 17:42:42 | INFO | C02 | Consumed 6 message(s) from topic 'product-sales-case'.
2026-05-19 17:42:42 | INFO | C02 | OUTPUT_CSV = data/output/consumed_sales.csv
2026-05-19 17:42:42 | INFO | C02 | ========================
2026-05-19 17:42:42 | INFO | C02 | Consumer executed successfully!
2026-05-19 17:42:42 | INFO | C02 | ========================
2026-05-20 12:47:15 | DEBUG | P02 | No variables found in .env
2026-05-20 12:47:15 | INFO | P02 | === RUN START ===
2026-05-20 12:47:15 | INFO | P02 | project=P02
2026-05-20 12:47:15 | INFO | P02 | repo_dir=streaming-02-kafka
2026-05-20 12:47:15 | INFO | P02 | python=3.14.4
2026-05-20 12:47:15 | INFO | P02 | os=Linux 6.6.114.1-microsoft-standard-WSL2
2026-05-20 12:47:15 | INFO | P02 | shell=bash
2026-05-20 12:47:15 | INFO | P02 | cwd=.
2026-05-20 12:47:15 | INFO | P02 | github_actions=False
2026-05-20 12:47:15 | INFO | P02 | ========================
2026-05-20 12:47:15 | INFO | P02 | START producer main()
2026-05-20 12:47:15 | INFO | P02 | ========================
2026-05-20 12:47:15 | INFO | P02 | ROOT_DIR = .
2026-05-20 12:47:15 | INFO | P02 | DATA_DIR = data
2026-05-20 12:47:15 | INFO | P02 | SALES_CSV = data/sales.csv
2026-05-20 12:47:15 | INFO | P02 | ========================
2026-05-20 12:47:15 | INFO | P02 | SECTION A. Acquire
2026-05-20 12:47:15 | INFO | P02 | ========================
2026-05-20 12:47:15 | INFO | P02 | Loading settings from .env...
2026-05-20 12:47:15 | INFO | P02 | KAFKA_BOOTSTRAP_SERVERS           = localhost:9092
2026-05-20 12:47:15 | INFO | P02 | KAFKA_TOPIC                       = product-sales-case
2026-05-20 12:47:15 | INFO | P02 | PRODUCER_MESSAGE_COUNT            = 6
2026-05-20 12:47:15 | INFO | P02 | PRODUCER_MESSAGE_INTERVAL_SECONDS = 2.0
2026-05-20 12:47:15 | INFO | P02 | KAFKA_CLEAR_TOPIC_ON_START        = False
2026-05-20 12:47:15 | INFO | P02 | Verifying Kafka connection...
2026-05-20 12:47:15 | ERROR | P02 | !!!!!!!!!!!!!!!!!!!!!!!!!!!!!!!!!
Python code is running,
but Kafka is not available.
Kafka is not reachable.
The program tried to connect to:
    KAFKA_BOOTSTRAP_SERVERS = localhost:9092

CHECK:
1. Start Kafka first. Follow START_KAFKA.md.
2. Verify Kafka is running. In a terminal, run:
   cd ~/kafka
   bin/kafka-topics.sh --list --bootstrap-server localhost:9092
3. Verify the topic exists. Follow MANAGE_TOPIC.md.
!!!!!!!!!!!!!!!!!!!!!!!!!!!!!!!!!
2026-05-20 12:49:23 | DEBUG | P02 | No variables found in .env
2026-05-20 12:49:23 | INFO | P02 | === RUN START ===
2026-05-20 12:49:23 | INFO | P02 | project=P02
2026-05-20 12:49:23 | INFO | P02 | repo_dir=streaming-02-kafka
2026-05-20 12:49:23 | INFO | P02 | python=3.14.4
2026-05-20 12:49:23 | INFO | P02 | os=Linux 6.6.114.1-microsoft-standard-WSL2
2026-05-20 12:49:23 | INFO | P02 | shell=bash
2026-05-20 12:49:23 | INFO | P02 | cwd=.
2026-05-20 12:49:23 | INFO | P02 | github_actions=False
2026-05-20 12:49:23 | INFO | P02 | ========================
2026-05-20 12:49:23 | INFO | P02 | START producer main()
2026-05-20 12:49:23 | INFO | P02 | ========================
2026-05-20 12:49:23 | INFO | P02 | ROOT_DIR = .
2026-05-20 12:49:23 | INFO | P02 | DATA_DIR = data
2026-05-20 12:49:23 | INFO | P02 | SALES_CSV = data/sales.csv
2026-05-20 12:49:23 | INFO | P02 | ========================
2026-05-20 12:49:23 | INFO | P02 | SECTION A. Acquire
2026-05-20 12:49:23 | INFO | P02 | ========================
2026-05-20 12:49:23 | INFO | P02 | Loading settings from .env...
2026-05-20 12:49:23 | INFO | P02 | KAFKA_BOOTSTRAP_SERVERS           = localhost:9092
2026-05-20 12:49:23 | INFO | P02 | KAFKA_TOPIC                       = product-sales-case
2026-05-20 12:49:23 | INFO | P02 | PRODUCER_MESSAGE_COUNT            = 6
2026-05-20 12:49:23 | INFO | P02 | PRODUCER_MESSAGE_INTERVAL_SECONDS = 2.0
2026-05-20 12:49:23 | INFO | P02 | KAFKA_CLEAR_TOPIC_ON_START        = False
2026-05-20 12:49:23 | INFO | P02 | Verifying Kafka connection...
2026-05-20 12:49:23 | INFO | P02 | Kafka port is reachable.
2026-05-20 12:49:23 | INFO | P02 | ========================
2026-05-20 12:49:23 | INFO | P02 | SECTION P. Produce Messages
2026-05-20 12:49:23 | INFO | P02 | ========================
2026-05-20 12:49:23 | INFO | P02 | Sending messages...
2026-05-20 12:49:23 | INFO | P02 | Sending up to 6 message(s) to topic 'product-sales-case'.
2026-05-20 12:49:23 | INFO | P02 | Watch each sale arrive. Press CTRL+C to stop early.

2026-05-20 12:49:23 | INFO | P02 | {
  order_id: e7324981-a9f0-419f-b708-d0a333451fff
  datetime: 2026-05-04T08:11:00Z
  region_id: US-TX
  currency_code: USD
  product_id: PY-STREAM-005
  unit_price: 59.99
  quantity: 3
  is_online: true
  customer_id: CUST-4150
  is_new_customer: false
  device_type: tablet
  payment_method: paypal
  referral_source: paid_search
  discount_code: 
  customer_note: Gift for my team
}
2026-05-20 12:49:23 | INFO | P02 |   Sending message with key=US-TX
2026-05-20 12:49:23 | INFO | P02 |   MESSAGE SENT  sent=1
2026-05-20 12:49:25 | INFO | P02 | {
  order_id: d61943e0-f543-4b5f-9c9a-18605ea4cfe5
  datetime: 2026-05-04T08:23:00Z
  region_id: US-TX
  currency_code: USD
  product_id: PY-DATA-002
  unit_price: 49.99
  quantity: 1
  is_online: true
  customer_id: CUST-1106
  is_new_customer: false
  device_type: mobile
  payment_method: paypal
  referral_source: paid_search
  discount_code: 
  customer_note: Gift for my team
}
2026-05-20 12:49:25 | INFO | P02 |   Sending message with key=US-TX
2026-05-20 12:49:25 | INFO | P02 |   MESSAGE SENT  sent=2
2026-05-20 12:49:27 | INFO | P02 | {
  order_id: 14da1915-8e74-47be-9e10-f7275d31af46
  datetime: 2026-05-04T08:28:00Z
  region_id: CA-QC
  currency_code: CAD
  product_id: PY-NLP-006
  unit_price: 54.99
  quantity: 1
  is_online: true
  customer_id: CUST-2133
  is_new_customer: false
  device_type: desktop
  payment_method: paypal
  referral_source: organic
  discount_code: 
  customer_note: Learning at my own pace
}
2026-05-20 12:49:27 | INFO | P02 |   Sending message with key=CA-QC
2026-05-20 12:49:27 | INFO | P02 |   MESSAGE SENT  sent=3
2026-05-20 12:49:29 | INFO | P02 | {
  order_id: d77ed935-9b28-431d-bc25-0a3fd98f4154
  datetime: 2026-05-04T08:40:00Z
  region_id: US-CA
  currency_code: USD
  product_id: PY-STREAM-005
  unit_price: 59.99
  quantity: 1
  is_online: true
  customer_id: CUST-5333
  is_new_customer: false
  device_type: mobile
  payment_method: paypal
  referral_source: organic
  discount_code: 
  customer_note: Highly recommend
}
2026-05-20 12:49:29 | INFO | P02 |   Sending message with key=US-CA
2026-05-20 12:49:29 | INFO | P02 |   MESSAGE SENT  sent=4
2026-05-20 12:49:31 | INFO | P02 | {
  order_id: 24b91995-25f8-4ad7-8fa6-2e4c15750e5e
  datetime: 2026-05-04T08:41:00Z
  region_id: US-MO
  currency_code: USD
  product_id: PY-VIZ-003
  unit_price: 39.99
  quantity: 1
  is_online: true
  customer_id: CUST-8573
  is_new_customer: false
  device_type: mobile
  payment_method: apple_pay
  referral_source: paid_search
  discount_code: 
  customer_note: Learning at my own pace
}
2026-05-20 12:49:31 | INFO | P02 |   Sending message with key=US-MO
2026-05-20 12:49:31 | INFO | P02 |   MESSAGE SENT  sent=5
2026-05-20 12:49:33 | INFO | P02 | {
  order_id: 1ec0fc8b-998c-4f43-8a66-19e1fa7d5fa8
  datetime: 2026-05-04T08:54:00Z
  region_id: CA-ON
  currency_code: CAD
  product_id: PY-SQL-004
  unit_price: 44.99
  quantity: 1
  is_online: true
  customer_id: CUST-8062
  is_new_customer: false
  device_type: tablet
  payment_method: paypal
  referral_source: organic
  discount_code: 
  customer_note: 
}
2026-05-20 12:49:33 | INFO | P02 |   Sending message with key=CA-ON
2026-05-20 12:49:33 | INFO | P02 |   MESSAGE SENT  sent=6
2026-05-20 12:49:35 | INFO | P02 | ========================
2026-05-20 12:49:35 | INFO | P02 | SECTION E. Exit
2026-05-20 12:49:35 | INFO | P02 | ========================
2026-05-20 12:49:35 | INFO | P02 | Summary:
2026-05-20 12:49:35 | INFO | P02 | Sent 6 message(s) to topic 'product-sales-case'.
2026-05-20 12:49:35 | INFO | P02 | ========================
2026-05-20 12:49:35 | INFO | P02 | Producer executed successfully!
2026-05-20 12:49:35 | INFO | P02 | ========================
2026-05-20 12:49:49 | DEBUG | C02 | No variables found in .env
2026-05-20 12:49:49 | INFO | C02 | === RUN START ===
2026-05-20 12:49:49 | INFO | C02 | project=C02
2026-05-20 12:49:49 | INFO | C02 | repo_dir=streaming-02-kafka
2026-05-20 12:49:49 | INFO | C02 | python=3.14.4
2026-05-20 12:49:49 | INFO | C02 | os=Linux 6.6.114.1-microsoft-standard-WSL2
2026-05-20 12:49:49 | INFO | C02 | shell=bash
2026-05-20 12:49:49 | INFO | C02 | cwd=.
2026-05-20 12:49:49 | INFO | C02 | github_actions=False
2026-05-20 12:49:49 | INFO | C02 | ========================
2026-05-20 12:49:49 | INFO | C02 | START consumer main()
2026-05-20 12:49:49 | INFO | C02 | ========================
2026-05-20 12:49:49 | INFO | C02 | ROOT_DIR = .
2026-05-20 12:49:49 | INFO | C02 | DATA_DIR = data
2026-05-20 12:49:49 | INFO | C02 | OUTPUT_CSV = data/output/consumed_sales.csv
2026-05-20 12:49:49 | INFO | C02 | ========================
2026-05-20 12:49:49 | INFO | C02 | SECTION A. Acquire
2026-05-20 12:49:49 | INFO | C02 | ========================
2026-05-20 12:49:49 | INFO | C02 | Loading settings from .env...
2026-05-20 12:49:49 | INFO | C02 | KAFKA_BOOTSTRAP_SERVERS  = localhost:9092
2026-05-20 12:49:49 | INFO | C02 | KAFKA_TOPIC              = product-sales-case
2026-05-20 12:49:49 | INFO | C02 | KAFKA_GROUP_ID           = streaming-consumer-group-A
2026-05-20 12:49:49 | INFO | C02 | CONSUMER_TIMEOUT_SECONDS = 10.0
2026-05-20 12:49:49 | INFO | C02 | CONSUMER_MAX_MESSAGES    = 1000
2026-05-20 12:49:49 | INFO | C02 | Verifying Kafka connection...
2026-05-20 12:49:49 | INFO | C02 | Kafka port is reachable.
2026-05-20 12:49:49 | INFO | C02 | Verifying Kafka topic...
2026-05-20 12:49:49 | INFO | C02 | Topic 'product-sales-case' exists.
2026-05-20 12:49:49 | INFO | C02 | Found 6 message(s) available.
2026-05-20 12:49:49 | INFO | C02 | Creating Kafka consumer...
2026-05-20 12:49:49 | INFO | C02 | Subscribed to topic: 'product-sales-case' (reading from beginning)
2026-05-20 12:49:49 | INFO | C02 | ========================
2026-05-20 12:49:49 | INFO | C02 | SECTION C. Consume and Process Messages
2026-05-20 12:49:49 | INFO | C02 | ========================
2026-05-20 12:49:49 | INFO | C02 | Initializing output...
2026-05-20 12:49:49 | INFO | C02 | Output CSV cleared: consumed_sales.csv
2026-05-20 12:49:49 | INFO | C02 | Consuming messages...
2026-05-20 12:49:49 | INFO | C02 | Waiting for up to 1000 message(s).
2026-05-20 12:49:49 | INFO | C02 | Press CTRL+C to stop early.

2026-05-20 12:49:55 | INFO | C02 | {'currency_code': 'USD', 'customer_id': 'CUST-4150', 'customer_note': 'Gift for my team', 'datetime': '2026-05-04T08:11:00Z', 'device_type': 'tablet', 'discount_code': '', 'is_new_customer': 'false', 'is_online': 'true', 'order_id': 'e7324981-a9f0-419f-b708-d0a333451fff', 'payment_method': 'paypal', 'product_id': 'PY-STREAM-005', 'quantity': '3', 'referral_source': 'paid_search', 'region_id': 'US-TX', 'unit_price': '59.99', '_kafka_key': 'US-TX', '_kafka_partition': 0, '_kafka_offset': 0}
2026-05-20 12:49:55 | INFO | C02 | Processing raw message.
2026-05-20 12:49:55 | INFO | C02 | MESSAGE CONSUMED
2026-05-20 12:49:55 | INFO | C02 | consumed=1
2026-05-20 12:49:55 | INFO | C02 | {'currency_code': 'USD', 'customer_id': 'CUST-1106', 'customer_note': 'Gift for my team', 'datetime': '2026-05-04T08:23:00Z', 'device_type': 'mobile', 'discount_code': '', 'is_new_customer': 'false', 'is_online': 'true', 'order_id': 'd61943e0-f543-4b5f-9c9a-18605ea4cfe5', 'payment_method': 'paypal', 'product_id': 'PY-DATA-002', 'quantity': '1', 'referral_source': 'paid_search', 'region_id': 'US-TX', 'unit_price': '49.99', '_kafka_key': 'US-TX', '_kafka_partition': 0, '_kafka_offset': 1}
2026-05-20 12:49:55 | INFO | C02 | Processing raw message.
2026-05-20 12:49:56 | INFO | C02 | MESSAGE CONSUMED
2026-05-20 12:49:56 | INFO | C02 | consumed=2
2026-05-20 12:49:56 | INFO | C02 | {'currency_code': 'CAD', 'customer_id': 'CUST-2133', 'customer_note': 'Learning at my own pace', 'datetime': '2026-05-04T08:28:00Z', 'device_type': 'desktop', 'discount_code': '', 'is_new_customer': 'false', 'is_online': 'true', 'order_id': '14da1915-8e74-47be-9e10-f7275d31af46', 'payment_method': 'paypal', 'product_id': 'PY-NLP-006', 'quantity': '1', 'referral_source': 'organic', 'region_id': 'CA-QC', 'unit_price': '54.99', '_kafka_key': 'CA-QC', '_kafka_partition': 0, '_kafka_offset': 2}
2026-05-20 12:49:56 | INFO | C02 | Processing raw message.
2026-05-20 12:49:56 | INFO | C02 | MESSAGE CONSUMED
2026-05-20 12:49:56 | INFO | C02 | consumed=3
2026-05-20 12:49:56 | INFO | C02 | {'currency_code': 'USD', 'customer_id': 'CUST-5333', 'customer_note': 'Highly recommend', 'datetime': '2026-05-04T08:40:00Z', 'device_type': 'mobile', 'discount_code': '', 'is_new_customer': 'false', 'is_online': 'true', 'order_id': 'd77ed935-9b28-431d-bc25-0a3fd98f4154', 'payment_method': 'paypal', 'product_id': 'PY-STREAM-005', 'quantity': '1', 'referral_source': 'organic', 'region_id': 'US-CA', 'unit_price': '59.99', '_kafka_key': 'US-CA', '_kafka_partition': 0, '_kafka_offset': 3}
2026-05-20 12:49:56 | INFO | C02 | Processing raw message.
2026-05-20 12:49:56 | INFO | C02 | MESSAGE CONSUMED
2026-05-20 12:49:56 | INFO | C02 | consumed=4
2026-05-20 12:49:56 | INFO | C02 | {'currency_code': 'USD', 'customer_id': 'CUST-8573', 'customer_note': 'Learning at my own pace', 'datetime': '2026-05-04T08:41:00Z', 'device_type': 'mobile', 'discount_code': '', 'is_new_customer': 'false', 'is_online': 'true', 'order_id': '24b91995-25f8-4ad7-8fa6-2e4c15750e5e', 'payment_method': 'apple_pay', 'product_id': 'PY-VIZ-003', 'quantity': '1', 'referral_source': 'paid_search', 'region_id': 'US-MO', 'unit_price': '39.99', '_kafka_key': 'US-MO', '_kafka_partition': 0, '_kafka_offset': 4}
2026-05-20 12:49:56 | INFO | C02 | Processing raw message.
2026-05-20 12:49:56 | INFO | C02 | MESSAGE CONSUMED
2026-05-20 12:49:56 | INFO | C02 | consumed=5
2026-05-20 12:49:56 | INFO | C02 | {'currency_code': 'CAD', 'customer_id': 'CUST-8062', 'customer_note': '', 'datetime': '2026-05-04T08:54:00Z', 'device_type': 'tablet', 'discount_code': '', 'is_new_customer': 'false', 'is_online': 'true', 'order_id': '1ec0fc8b-998c-4f43-8a66-19e1fa7d5fa8', 'payment_method': 'paypal', 'product_id': 'PY-SQL-004', 'quantity': '1', 'referral_source': 'organic', 'region_id': 'CA-ON', 'unit_price': '44.99', '_kafka_key': 'CA-ON', '_kafka_partition': 0, '_kafka_offset': 5}
2026-05-20 12:49:56 | INFO | C02 | Processing raw message.
2026-05-20 12:49:56 | INFO | C02 | MESSAGE CONSUMED
2026-05-20 12:49:56 | INFO | C02 | consumed=6
2026-05-20 12:50:06 | INFO | C02 | No message received within 10.0s timeout.
2026-05-20 12:50:06 | INFO | C02 | Producer finished or paused. Stopping consumer.
2026-05-20 12:50:06 | INFO | C02 | Kafka consumer closed.
2026-05-20 12:50:06 | INFO | C02 | ========================
2026-05-20 12:50:06 | INFO | C02 | SECTION E. Exit
2026-05-20 12:50:06 | INFO | C02 | ========================
2026-05-20 12:50:06 | INFO | C02 | Summary:
2026-05-20 12:50:06 | INFO | C02 | Consumed 6 message(s) from topic 'product-sales-case'.
2026-05-20 12:50:06 | INFO | C02 | OUTPUT_CSV = data/output/consumed_sales.csv
2026-05-20 12:50:06 | INFO | C02 | ========================
2026-05-20 12:50:06 | INFO | C02 | Consumer executed successfully!
2026-05-20 12:50:06 | INFO | C02 | ========================
2026-05-21 18:16:10 | DEBUG | C02 | KAFKA_BOOTSTRAP_SERVERS           = localhost:9092
2026-05-21 18:16:10 | DEBUG | C02 | KAFKA_BROKER_ADDRESS_FAMILY       = v6
2026-05-21 18:16:10 | DEBUG | C02 | KAFKA_TOPIC                       = streaming-02-kafka-case
2026-05-21 18:16:10 | DEBUG | C02 | KAFKA_CLEAR_TOPIC_ON_START        = true
2026-05-21 18:16:10 | DEBUG | C02 | PRODUCER_MESSAGE_COUNT            = 3
2026-05-21 18:16:10 | DEBUG | C02 | PRODUCER_MESSAGE_INTERVAL_SECONDS = 2
2026-05-21 18:16:10 | DEBUG | C02 | PRODUCER_MAX_MESSAGES             = 50
2026-05-21 18:16:10 | DEBUG | C02 | PRODUCER_POLL_INTERVAL_SECONDS    = 15
2026-05-21 18:16:10 | DEBUG | C02 | KAFKA_GROUP_ID                    = streaming-consumer-group-A
2026-05-21 18:16:10 | DEBUG | C02 | KAFKA_AUTO_OFFSET_RESET           = earliest
2026-05-21 18:16:10 | DEBUG | C02 | CONSUMER_TIMEOUT_SECONDS          = 10
2026-05-21 18:16:10 | DEBUG | C02 | CONSUMER_MAX_MESSAGES             = 1000
2026-05-21 18:16:10 | INFO | C02 | === RUN START ===
2026-05-21 18:16:10 | INFO | C02 | project=C02
2026-05-21 18:16:10 | INFO | C02 | repo_dir=streaming-02-kafka
2026-05-21 18:16:10 | INFO | C02 | python=3.14.3
2026-05-21 18:16:10 | INFO | C02 | os=Windows 11
2026-05-21 18:16:10 | INFO | C02 | shell=powershell
2026-05-21 18:16:10 | INFO | C02 | cwd=.
2026-05-21 18:16:10 | INFO | C02 | github_actions=False
2026-05-21 18:16:10 | INFO | C02 | ========================
2026-05-21 18:16:10 | INFO | C02 | START consumer main()
2026-05-21 18:16:10 | INFO | C02 | ========================
2026-05-21 18:16:10 | INFO | C02 | ROOT_DIR = .
2026-05-21 18:16:10 | INFO | C02 | DATA_DIR = data
2026-05-21 18:16:10 | INFO | C02 | OUTPUT_CSV = data\output\consumed_sales.csv
2026-05-21 18:16:10 | INFO | C02 | ========================
2026-05-21 18:16:10 | INFO | C02 | SECTION A. Acquire
2026-05-21 18:16:10 | INFO | C02 | ========================
2026-05-21 18:16:10 | INFO | C02 | Loading settings from .env...
2026-05-21 18:16:10 | INFO | C02 | KAFKA_BOOTSTRAP_SERVERS  = localhost:9092
2026-05-21 18:16:10 | INFO | C02 | KAFKA_TOPIC              = streaming-02-kafka-case
2026-05-21 18:16:10 | INFO | C02 | KAFKA_GROUP_ID           = streaming-consumer-group-A
2026-05-21 18:16:10 | INFO | C02 | CONSUMER_TIMEOUT_SECONDS = 10.0
2026-05-21 18:16:10 | INFO | C02 | CONSUMER_MAX_MESSAGES    = 1000
2026-05-21 18:16:10 | INFO | C02 | Verifying Kafka connection...
2026-05-21 18:16:10 | INFO | C02 | Kafka port is reachable.
2026-05-21 18:16:10 | INFO | C02 | Verifying Kafka topic...
2026-05-21 18:16:10 | ERROR | C02 | Topic 'streaming-02-kafka-case' does not exist.
2026-05-21 18:16:10 | ERROR | C02 | Run the producer first.
2026-05-21 18:17:00 | DEBUG | C02 | KAFKA_BOOTSTRAP_SERVERS           = localhost:9092
2026-05-21 18:17:00 | DEBUG | C02 | KAFKA_BROKER_ADDRESS_FAMILY       = v6
2026-05-21 18:17:00 | DEBUG | C02 | KAFKA_TOPIC                       = streaming-02-kafka-case
2026-05-21 18:17:00 | DEBUG | C02 | KAFKA_CLEAR_TOPIC_ON_START        = true
2026-05-21 18:17:00 | DEBUG | C02 | PRODUCER_MESSAGE_COUNT            = 3
2026-05-21 18:17:00 | DEBUG | C02 | PRODUCER_MESSAGE_INTERVAL_SECONDS = 2
2026-05-21 18:17:00 | DEBUG | C02 | PRODUCER_MAX_MESSAGES             = 50
2026-05-21 18:17:00 | DEBUG | C02 | PRODUCER_POLL_INTERVAL_SECONDS    = 15
2026-05-21 18:17:00 | DEBUG | C02 | KAFKA_GROUP_ID                    = streaming-consumer-group-A
2026-05-21 18:17:00 | DEBUG | C02 | KAFKA_AUTO_OFFSET_RESET           = earliest
2026-05-21 18:17:00 | DEBUG | C02 | CONSUMER_TIMEOUT_SECONDS          = 10
2026-05-21 18:17:00 | DEBUG | C02 | CONSUMER_MAX_MESSAGES             = 1000
2026-05-21 18:17:00 | INFO | C02 | === RUN START ===
2026-05-21 18:17:00 | INFO | C02 | project=C02
2026-05-21 18:17:00 | INFO | C02 | repo_dir=streaming-02-kafka
2026-05-21 18:17:00 | INFO | C02 | python=3.14.3
2026-05-21 18:17:00 | INFO | C02 | os=Windows 11
2026-05-21 18:17:00 | INFO | C02 | shell=powershell
2026-05-21 18:17:00 | INFO | C02 | cwd=.
2026-05-21 18:17:00 | INFO | C02 | github_actions=False
2026-05-21 18:17:00 | INFO | C02 | ========================
2026-05-21 18:17:00 | INFO | C02 | START consumer main()
2026-05-21 18:17:00 | INFO | C02 | ========================
2026-05-21 18:17:00 | INFO | C02 | ROOT_DIR = .
2026-05-21 18:17:00 | INFO | C02 | DATA_DIR = data
2026-05-21 18:17:00 | INFO | C02 | OUTPUT_CSV = data\output\consumed_sales.csv
2026-05-21 18:17:00 | INFO | C02 | ========================
2026-05-21 18:17:00 | INFO | C02 | SECTION A. Acquire
2026-05-21 18:17:00 | INFO | C02 | ========================
2026-05-21 18:17:00 | INFO | C02 | Loading settings from .env...
2026-05-21 18:17:00 | INFO | C02 | KAFKA_BOOTSTRAP_SERVERS  = localhost:9092
2026-05-21 18:17:00 | INFO | C02 | KAFKA_TOPIC              = streaming-02-kafka-case
2026-05-21 18:17:00 | INFO | C02 | KAFKA_GROUP_ID           = streaming-consumer-group-A
2026-05-21 18:17:00 | INFO | C02 | CONSUMER_TIMEOUT_SECONDS = 10.0
2026-05-21 18:17:00 | INFO | C02 | CONSUMER_MAX_MESSAGES    = 1000
2026-05-21 18:17:00 | INFO | C02 | Verifying Kafka connection...
2026-05-21 18:17:00 | INFO | C02 | Kafka port is reachable.
2026-05-21 18:17:00 | INFO | C02 | Verifying Kafka topic...
2026-05-21 18:17:09 | ERROR | C02 | Topic 'streaming-02-kafka-case' does not exist.
2026-05-21 18:17:09 | ERROR | C02 | Run the producer first.
2026-05-21 18:17:32 | DEBUG | P02 | KAFKA_BOOTSTRAP_SERVERS           = localhost:9092
2026-05-21 18:17:32 | DEBUG | P02 | KAFKA_BROKER_ADDRESS_FAMILY       = v6
2026-05-21 18:17:32 | DEBUG | P02 | KAFKA_TOPIC                       = streaming-02-kafka-case
2026-05-21 18:17:32 | DEBUG | P02 | KAFKA_CLEAR_TOPIC_ON_START        = true
2026-05-21 18:17:32 | DEBUG | P02 | PRODUCER_MESSAGE_COUNT            = 3
2026-05-21 18:17:32 | DEBUG | P02 | PRODUCER_MESSAGE_INTERVAL_SECONDS = 2
2026-05-21 18:17:32 | DEBUG | P02 | PRODUCER_MAX_MESSAGES             = 50
2026-05-21 18:17:32 | DEBUG | P02 | PRODUCER_POLL_INTERVAL_SECONDS    = 15
2026-05-21 18:17:32 | DEBUG | P02 | KAFKA_GROUP_ID                    = streaming-consumer-group-A
2026-05-21 18:17:32 | DEBUG | P02 | KAFKA_AUTO_OFFSET_RESET           = earliest
2026-05-21 18:17:32 | DEBUG | P02 | CONSUMER_TIMEOUT_SECONDS          = 10
2026-05-21 18:17:32 | DEBUG | P02 | CONSUMER_MAX_MESSAGES             = 1000
2026-05-21 18:17:32 | INFO | P02 | === RUN START ===
2026-05-21 18:17:32 | INFO | P02 | project=P02
2026-05-21 18:17:32 | INFO | P02 | repo_dir=streaming-02-kafka
2026-05-21 18:17:32 | INFO | P02 | python=3.14.3
2026-05-21 18:17:32 | INFO | P02 | os=Windows 11
2026-05-21 18:17:32 | INFO | P02 | shell=powershell
2026-05-21 18:17:32 | INFO | P02 | cwd=.
2026-05-21 18:17:32 | INFO | P02 | github_actions=False
2026-05-21 18:17:32 | INFO | P02 | ========================
2026-05-21 18:17:32 | INFO | P02 | START producer main()
2026-05-21 18:17:32 | INFO | P02 | ========================
2026-05-21 18:17:32 | INFO | P02 | ROOT_DIR = .
2026-05-21 18:17:32 | INFO | P02 | DATA_DIR = data
2026-05-21 18:17:32 | INFO | P02 | SALES_CSV = data\sales.csv
2026-05-21 18:17:32 | INFO | P02 | ========================
2026-05-21 18:17:32 | INFO | P02 | SECTION A. Acquire
2026-05-21 18:17:32 | INFO | P02 | ========================
2026-05-21 18:17:32 | INFO | P02 | Loading settings from .env...
2026-05-21 18:17:32 | INFO | P02 | KAFKA_BOOTSTRAP_SERVERS           = localhost:9092
2026-05-21 18:17:32 | INFO | P02 | KAFKA_TOPIC                       = streaming-02-kafka-case
2026-05-21 18:17:32 | INFO | P02 | PRODUCER_MESSAGE_COUNT            = 3
2026-05-21 18:17:32 | INFO | P02 | PRODUCER_MESSAGE_INTERVAL_SECONDS = 2.0
2026-05-21 18:17:32 | INFO | P02 | KAFKA_CLEAR_TOPIC_ON_START        = True
2026-05-21 18:17:32 | INFO | P02 | Verifying Kafka connection...
2026-05-21 18:17:32 | INFO | P02 | Kafka port is reachable.
2026-05-21 18:17:34 | INFO | P02 | ========================
2026-05-21 18:17:34 | INFO | P02 | SECTION P. Produce Messages
2026-05-21 18:17:34 | INFO | P02 | ========================
2026-05-21 18:17:34 | INFO | P02 | Sending messages...
2026-05-21 18:17:34 | INFO | P02 | Sending up to 3 message(s) to topic 'streaming-02-kafka-case'.
2026-05-21 18:17:34 | INFO | P02 | Watch each sale arrive. Press CTRL+C to stop early.

2026-05-21 18:17:34 | INFO | P02 | {
  order_id: e7324981-a9f0-419f-b708-d0a333451fff
  datetime: 2026-05-04T08:11:00Z
  region_id: US-TX
  currency_code: USD
  product_id: PY-STREAM-005
  unit_price: 59.99
  quantity: 3
  is_online: true
  customer_id: CUST-4150
  is_new_customer: false
  device_type: tablet
  payment_method: paypal
  referral_source: paid_search
  discount_code: 
  customer_note: Gift for my team
}
2026-05-21 18:17:34 | INFO | P02 |   Sending message with key=US-TX
2026-05-21 18:17:35 | INFO | P02 |   MESSAGE SENT  sent=1
2026-05-21 18:17:37 | INFO | P02 | {
  order_id: d61943e0-f543-4b5f-9c9a-18605ea4cfe5
  datetime: 2026-05-04T08:23:00Z
  region_id: US-TX
  currency_code: USD
  product_id: PY-DATA-002
  unit_price: 49.99
  quantity: 1
  is_online: true
  customer_id: CUST-1106
  is_new_customer: false
  device_type: mobile
  payment_method: paypal
  referral_source: paid_search
  discount_code: 
  customer_note: Gift for my team
}
2026-05-21 18:17:37 | INFO | P02 |   Sending message with key=US-TX
2026-05-21 18:17:37 | INFO | P02 |   MESSAGE SENT  sent=2
2026-05-21 18:17:39 | INFO | P02 | {
  order_id: 14da1915-8e74-47be-9e10-f7275d31af46
  datetime: 2026-05-04T08:28:00Z
  region_id: CA-QC
  currency_code: CAD
  product_id: PY-NLP-006
  unit_price: 54.99
  quantity: 1
  is_online: true
  customer_id: CUST-2133
  is_new_customer: false
  device_type: desktop
  payment_method: paypal
  referral_source: organic
  discount_code: 
  customer_note: Learning at my own pace
}
2026-05-21 18:17:39 | INFO | P02 |   Sending message with key=CA-QC
2026-05-21 18:17:39 | INFO | P02 |   MESSAGE SENT  sent=3
2026-05-21 18:17:41 | INFO | P02 | ========================
2026-05-21 18:17:41 | INFO | P02 | SECTION E. Exit
2026-05-21 18:17:41 | INFO | P02 | ========================
2026-05-21 18:17:41 | INFO | P02 | Summary:
2026-05-21 18:17:41 | INFO | P02 | Sent 3 message(s) to topic 'streaming-02-kafka-case'.
2026-05-21 18:17:41 | INFO | P02 | ========================
2026-05-21 18:17:41 | INFO | P02 | Producer executed successfully!
2026-05-21 18:17:41 | INFO | P02 | ========================
2026-05-21 18:17:49 | DEBUG | C02 | KAFKA_BOOTSTRAP_SERVERS           = localhost:9092
2026-05-21 18:17:49 | DEBUG | C02 | KAFKA_BROKER_ADDRESS_FAMILY       = v6
2026-05-21 18:17:49 | DEBUG | C02 | KAFKA_TOPIC                       = streaming-02-kafka-case
2026-05-21 18:17:49 | DEBUG | C02 | KAFKA_CLEAR_TOPIC_ON_START        = true
2026-05-21 18:17:49 | DEBUG | C02 | PRODUCER_MESSAGE_COUNT            = 3
2026-05-21 18:17:49 | DEBUG | C02 | PRODUCER_MESSAGE_INTERVAL_SECONDS = 2
2026-05-21 18:17:49 | DEBUG | C02 | PRODUCER_MAX_MESSAGES             = 50
2026-05-21 18:17:49 | DEBUG | C02 | PRODUCER_POLL_INTERVAL_SECONDS    = 15
2026-05-21 18:17:49 | DEBUG | C02 | KAFKA_GROUP_ID                    = streaming-consumer-group-A
2026-05-21 18:17:49 | DEBUG | C02 | KAFKA_AUTO_OFFSET_RESET           = earliest
2026-05-21 18:17:49 | DEBUG | C02 | CONSUMER_TIMEOUT_SECONDS          = 10
2026-05-21 18:17:49 | DEBUG | C02 | CONSUMER_MAX_MESSAGES             = 1000
2026-05-21 18:17:49 | INFO | C02 | === RUN START ===
2026-05-21 18:17:49 | INFO | C02 | project=C02
2026-05-21 18:17:49 | INFO | C02 | repo_dir=streaming-02-kafka
2026-05-21 18:17:49 | INFO | C02 | python=3.14.3
2026-05-21 18:17:49 | INFO | C02 | os=Windows 11
2026-05-21 18:17:49 | INFO | C02 | shell=powershell
2026-05-21 18:17:49 | INFO | C02 | cwd=.
2026-05-21 18:17:49 | INFO | C02 | github_actions=False
2026-05-21 18:17:49 | INFO | C02 | ========================
2026-05-21 18:17:49 | INFO | C02 | START consumer main()
2026-05-21 18:17:49 | INFO | C02 | ========================
2026-05-21 18:17:49 | INFO | C02 | ROOT_DIR = .
2026-05-21 18:17:49 | INFO | C02 | DATA_DIR = data
2026-05-21 18:17:49 | INFO | C02 | OUTPUT_CSV = data\output\consumed_sales.csv
2026-05-21 18:17:49 | INFO | C02 | ========================
2026-05-21 18:17:49 | INFO | C02 | SECTION A. Acquire
2026-05-21 18:17:49 | INFO | C02 | ========================
2026-05-21 18:17:49 | INFO | C02 | Loading settings from .env...
2026-05-21 18:17:49 | INFO | C02 | KAFKA_BOOTSTRAP_SERVERS  = localhost:9092
2026-05-21 18:17:49 | INFO | C02 | KAFKA_TOPIC              = streaming-02-kafka-case
2026-05-21 18:17:49 | INFO | C02 | KAFKA_GROUP_ID           = streaming-consumer-group-A
2026-05-21 18:17:49 | INFO | C02 | CONSUMER_TIMEOUT_SECONDS = 10.0
2026-05-21 18:17:49 | INFO | C02 | CONSUMER_MAX_MESSAGES    = 1000
2026-05-21 18:17:49 | INFO | C02 | Verifying Kafka connection...
2026-05-21 18:17:49 | INFO | C02 | Kafka port is reachable.
2026-05-21 18:17:49 | INFO | C02 | Verifying Kafka topic...
2026-05-21 18:18:00 | INFO | C02 | Topic 'streaming-02-kafka-case' exists.
2026-05-21 18:18:00 | INFO | C02 | Found 3 message(s) available.
2026-05-21 18:18:00 | INFO | C02 | Creating Kafka consumer...
2026-05-21 18:18:00 | INFO | C02 | Subscribed to topic: 'streaming-02-kafka-case' (reading from beginning)
2026-05-21 18:18:00 | INFO | C02 | ========================
2026-05-21 18:18:00 | INFO | C02 | SECTION C. Consume and Process Messages
2026-05-21 18:18:00 | INFO | C02 | ========================
2026-05-21 18:18:00 | INFO | C02 | Initializing output...
2026-05-21 18:18:00 | INFO | C02 | Output CSV cleared: consumed_sales.csv
2026-05-21 18:18:00 | INFO | C02 | Consuming messages...
2026-05-21 18:18:00 | INFO | C02 | Waiting for up to 1000 message(s).
2026-05-21 18:18:00 | INFO | C02 | Press CTRL+C to stop early.

2026-05-21 18:18:07 | INFO | C02 | {'currency_code': 'USD', 'customer_id': 'CUST-4150', 'customer_note': 'Gift for my team', 'datetime': '2026-05-04T08:11:00Z', 'device_type': 'tablet', 'discount_code': '', 'is_new_customer': 'false', 'is_online': 'true', 'order_id': 'e7324981-a9f0-419f-b708-d0a333451fff', 'payment_method': 'paypal', 'product_id': 'PY-STREAM-005', 'quantity': '3', 'referral_source': 'paid_search', 'region_id': 'US-TX', 'unit_price': '59.99', '_kafka_key': 'US-TX', '_kafka_partition': 0, '_kafka_offset': 0}
2026-05-21 18:18:07 | INFO | C02 | Processing raw message.
2026-05-21 18:18:07 | INFO | C02 | MESSAGE CONSUMED
2026-05-21 18:18:07 | INFO | C02 | consumed=1
2026-05-21 18:18:07 | INFO | C02 | {'currency_code': 'USD', 'customer_id': 'CUST-1106', 'customer_note': 'Gift for my team', 'datetime': '2026-05-04T08:23:00Z', 'device_type': 'mobile', 'discount_code': '', 'is_new_customer': 'false', 'is_online': 'true', 'order_id': 'd61943e0-f543-4b5f-9c9a-18605ea4cfe5', 'payment_method': 'paypal', 'product_id': 'PY-DATA-002', 'quantity': '1', 'referral_source': 'paid_search', 'region_id': 'US-TX', 'unit_price': '49.99', '_kafka_key': 'US-TX', '_kafka_partition': 0, '_kafka_offset': 1}
2026-05-21 18:18:07 | INFO | C02 | Processing raw message.
2026-05-21 18:18:07 | INFO | C02 | MESSAGE CONSUMED
2026-05-21 18:18:07 | INFO | C02 | consumed=2
2026-05-21 18:18:07 | INFO | C02 | {'currency_code': 'CAD', 'customer_id': 'CUST-2133', 'customer_note': 'Learning at my own pace', 'datetime': '2026-05-04T08:28:00Z', 'device_type': 'desktop', 'discount_code': '', 'is_new_customer': 'false', 'is_online': 'true', 'order_id': '14da1915-8e74-47be-9e10-f7275d31af46', 'payment_method': 'paypal', 'product_id': 'PY-NLP-006', 'quantity': '1', 'referral_source': 'organic', 'region_id': 'CA-QC', 'unit_price': '54.99', '_kafka_key': 'CA-QC', '_kafka_partition': 0, '_kafka_offset': 2}
2026-05-21 18:18:07 | INFO | C02 | Processing raw message.
2026-05-21 18:18:07 | INFO | C02 | MESSAGE CONSUMED
2026-05-21 18:18:07 | INFO | C02 | consumed=3
2026-05-21 18:18:17 | INFO | C02 | No message received within 10.0s timeout.
2026-05-21 18:18:17 | INFO | C02 | Producer finished or paused. Stopping consumer.
2026-05-21 18:18:17 | INFO | C02 | Kafka consumer closed.
2026-05-21 18:18:17 | INFO | C02 | ========================
2026-05-21 18:18:17 | INFO | C02 | SECTION E. Exit
2026-05-21 18:18:17 | INFO | C02 | ========================
2026-05-21 18:18:17 | INFO | C02 | Summary:
2026-05-21 18:18:17 | INFO | C02 | Consumed 3 message(s) from topic 'streaming-02-kafka-case'.
2026-05-21 18:18:17 | INFO | C02 | OUTPUT_CSV = data\output\consumed_sales.csv
2026-05-21 18:18:17 | INFO | C02 | ========================
2026-05-21 18:18:17 | INFO | C02 | Consumer executed successfully!
2026-05-21 18:18:17 | INFO | C02 | ========================
2026-05-21 18:20:44 | INFO | A02 | === RUN START ===
2026-05-21 18:20:44 | INFO | A02 | project=A02
2026-05-21 18:20:44 | INFO | A02 | repo_dir=streaming-02-kafka
2026-05-21 18:20:44 | INFO | A02 | python=3.14.3
2026-05-21 18:20:44 | INFO | A02 | os=Windows 11
2026-05-21 18:20:44 | INFO | A02 | shell=powershell
2026-05-21 18:20:44 | INFO | A02 | cwd=.
2026-05-21 18:20:44 | INFO | A02 | github_actions=False
2026-05-21 18:20:44 | INFO | A02 | ========================
2026-05-21 18:20:44 | INFO | A02 | START admin main()
2026-05-21 18:20:44 | INFO | A02 | ========================
2026-05-21 18:20:44 | INFO | A02 | KAFKA_BOOTSTRAP_SERVERS = localhost:9092
2026-05-21 18:20:44 | INFO | A02 | KAFKA_TOPIC             = streaming-02-kafka-case
2026-05-21 18:20:44 | INFO | A02 | KAFKA_GROUP_ID          = streaming-consumer-group-A
2026-05-21 18:20:44 | INFO | A02 | KAFKA_AUTO_OFFSET_RESET = earliest
2026-05-21 18:20:44 | INFO | A02 | MESSAGE_INTERVAL_SECONDS = 1.0
2026-05-21 18:20:44 | INFO | A02 | MESSAGE_COUNT           = 6
2026-05-21 18:20:44 | INFO | A02 | Verifying Kafka connection...
2026-05-21 18:20:44 | INFO | A02 | Kafka port is reachable.
2026-05-21 18:20:46 | INFO | A02 | Topics currently in Kafka: ['__consumer_offsets', 'streaming-02-kafka-case']
2026-05-21 18:20:46 | INFO | A02 | Topic 'streaming-02-kafka-case' already exists. No action needed.
2026-05-21 18:20:46 | INFO | A02 | To start fresh, run:  uv run python -m streaming.admin --recreate
2026-05-21 18:20:46 | INFO | A02 | Topics currently in Kafka: ['__consumer_offsets', 'streaming-02-kafka-case']
2026-05-21 18:20:46 | INFO | A02 | ========================
2026-05-21 18:20:46 | INFO | A02 | Admin executed successfully!
2026-05-21 18:20:46 | INFO | A02 | ========================
2026-05-21 18:20:58 | INFO | A02 | === RUN START ===
2026-05-21 18:20:58 | INFO | A02 | project=A02
2026-05-21 18:20:58 | INFO | A02 | repo_dir=streaming-02-kafka
2026-05-21 18:20:58 | INFO | A02 | python=3.14.3
2026-05-21 18:20:58 | INFO | A02 | os=Windows 11
2026-05-21 18:20:58 | INFO | A02 | shell=powershell
2026-05-21 18:20:58 | INFO | A02 | cwd=.
2026-05-21 18:20:58 | INFO | A02 | github_actions=False
2026-05-21 18:20:58 | INFO | A02 | ========================
2026-05-21 18:20:58 | INFO | A02 | START admin main()
2026-05-21 18:20:58 | INFO | A02 | ========================
2026-05-21 18:20:58 | INFO | A02 | KAFKA_BOOTSTRAP_SERVERS = localhost:9092
2026-05-21 18:20:58 | INFO | A02 | KAFKA_TOPIC             = streaming-02-kafka-case
2026-05-21 18:20:58 | INFO | A02 | KAFKA_GROUP_ID          = streaming-consumer-group-A
2026-05-21 18:20:58 | INFO | A02 | KAFKA_AUTO_OFFSET_RESET = earliest
2026-05-21 18:20:58 | INFO | A02 | MESSAGE_INTERVAL_SECONDS = 1.0
2026-05-21 18:20:58 | INFO | A02 | MESSAGE_COUNT           = 6
2026-05-21 18:20:58 | INFO | A02 | Verifying Kafka connection...
2026-05-21 18:20:58 | INFO | A02 | Kafka port is reachable.
2026-05-21 18:20:58 | INFO | A02 | Topics currently in Kafka: ['__consumer_offsets', 'streaming-02-kafka-case']
2026-05-21 18:20:58 | INFO | A02 | Deleting topic 'streaming-02-kafka-case' ...
2026-05-21 18:20:58 | INFO | A02 | Topic 'streaming-02-kafka-case' deleted. All messages removed.
2026-05-21 18:20:58 | INFO | A02 | Creating topic 'streaming-02-kafka-case' ...
2026-05-21 18:20:58 | INFO | A02 | Topic 'streaming-02-kafka-case' created successfully.
2026-05-21 18:20:58 | INFO | A02 | Topics currently in Kafka: ['__consumer_offsets', 'streaming-02-kafka-case']
2026-05-21 18:20:58 | INFO | A02 | ========================
2026-05-21 18:20:58 | INFO | A02 | Admin executed successfully!
2026-05-21 18:20:58 | INFO | A02 | ========================
2026-05-21 18:21:07 | INFO | A02 | === RUN START ===
2026-05-21 18:21:07 | INFO | A02 | project=A02
2026-05-21 18:21:07 | INFO | A02 | repo_dir=streaming-02-kafka
2026-05-21 18:21:07 | INFO | A02 | python=3.14.3
2026-05-21 18:21:07 | INFO | A02 | os=Windows 11
2026-05-21 18:21:07 | INFO | A02 | shell=powershell
2026-05-21 18:21:07 | INFO | A02 | cwd=.
2026-05-21 18:21:07 | INFO | A02 | github_actions=False
2026-05-21 18:21:07 | INFO | A02 | ========================
2026-05-21 18:21:07 | INFO | A02 | START admin main()
2026-05-21 18:21:07 | INFO | A02 | ========================
2026-05-21 18:21:07 | INFO | A02 | KAFKA_BOOTSTRAP_SERVERS = localhost:9092
2026-05-21 18:21:07 | INFO | A02 | KAFKA_TOPIC             = streaming-02-kafka-case
2026-05-21 18:21:07 | INFO | A02 | KAFKA_GROUP_ID          = streaming-consumer-group-A
2026-05-21 18:21:07 | INFO | A02 | KAFKA_AUTO_OFFSET_RESET = earliest
2026-05-21 18:21:07 | INFO | A02 | MESSAGE_INTERVAL_SECONDS = 1.0
2026-05-21 18:21:07 | INFO | A02 | MESSAGE_COUNT           = 6
2026-05-21 18:21:07 | INFO | A02 | Verifying Kafka connection...
2026-05-21 18:21:07 | INFO | A02 | Kafka port is reachable.
2026-05-21 18:21:09 | INFO | A02 | Topics currently in Kafka: ['__consumer_offsets', 'streaming-02-kafka-case']
2026-05-21 18:21:09 | INFO | A02 | Deleting topic 'streaming-02-kafka-case' ...
2026-05-21 18:21:09 | INFO | A02 | Topic 'streaming-02-kafka-case' deleted. All messages removed.
2026-05-21 18:21:09 | INFO | A02 | Topics currently in Kafka: ['__consumer_offsets']
2026-05-21 18:21:09 | INFO | A02 | ========================
2026-05-21 18:21:09 | INFO | A02 | Admin executed successfully!
2026-05-21 18:21:09 | INFO | A02 | ========================
2026-05-21 18:21:14 | INFO | A02 | === RUN START ===
2026-05-21 18:21:14 | INFO | A02 | project=A02
2026-05-21 18:21:14 | INFO | A02 | repo_dir=streaming-02-kafka
2026-05-21 18:21:14 | INFO | A02 | python=3.14.3
2026-05-21 18:21:14 | INFO | A02 | os=Windows 11
2026-05-21 18:21:14 | INFO | A02 | shell=powershell
2026-05-21 18:21:14 | INFO | A02 | cwd=.
2026-05-21 18:21:14 | INFO | A02 | github_actions=False
2026-05-21 18:21:14 | INFO | A02 | ========================
2026-05-21 18:21:14 | INFO | A02 | START admin main()
2026-05-21 18:21:14 | INFO | A02 | ========================
2026-05-21 18:21:14 | INFO | A02 | KAFKA_BOOTSTRAP_SERVERS = localhost:9092
2026-05-21 18:21:14 | INFO | A02 | KAFKA_TOPIC             = streaming-02-kafka-case
2026-05-21 18:21:14 | INFO | A02 | KAFKA_GROUP_ID          = streaming-consumer-group-A
2026-05-21 18:21:14 | INFO | A02 | KAFKA_AUTO_OFFSET_RESET = earliest
2026-05-21 18:21:14 | INFO | A02 | MESSAGE_INTERVAL_SECONDS = 1.0
2026-05-21 18:21:14 | INFO | A02 | MESSAGE_COUNT           = 6
2026-05-21 18:21:14 | INFO | A02 | Verifying Kafka connection...
2026-05-21 18:21:14 | INFO | A02 | Kafka port is reachable.
2026-05-21 18:21:16 | INFO | A02 | Topics currently in Kafka: ['__consumer_offsets']
2026-05-21 18:21:16 | INFO | A02 | Creating topic 'streaming-02-kafka-case' ...
2026-05-21 18:21:16 | INFO | A02 | Topic 'streaming-02-kafka-case' created successfully.
2026-05-21 18:21:16 | INFO | A02 | Topics currently in Kafka: ['__consumer_offsets', 'streaming-02-kafka-case']
2026-05-21 18:21:16 | INFO | A02 | ========================
2026-05-21 18:21:16 | INFO | A02 | Admin executed successfully!
2026-05-21 18:21:16 | INFO | A02 | ========================
2026-05-21 18:41:03 | INFO | A02 | === RUN START ===
2026-05-21 18:41:03 | INFO | A02 | project=A02
2026-05-21 18:41:03 | INFO | A02 | repo_dir=streaming-02-kafka
2026-05-21 18:41:03 | INFO | A02 | python=3.14.3
2026-05-21 18:41:03 | INFO | A02 | os=Windows 11
2026-05-21 18:41:03 | INFO | A02 | shell=powershell
2026-05-21 18:41:03 | INFO | A02 | cwd=.
2026-05-21 18:41:03 | INFO | A02 | github_actions=False
2026-05-21 18:41:03 | INFO | A02 | ========================
2026-05-21 18:41:03 | INFO | A02 | START admin main()
2026-05-21 18:41:03 | INFO | A02 | ========================
2026-05-21 18:41:03 | INFO | A02 | KAFKA_BOOTSTRAP_SERVERS = localhost:9092
2026-05-21 18:41:03 | INFO | A02 | KAFKA_TOPIC             = streaming-02-kafka-case
2026-05-21 18:41:03 | INFO | A02 | KAFKA_GROUP_ID          = streaming-consumer-group-A
2026-05-21 18:41:03 | INFO | A02 | KAFKA_AUTO_OFFSET_RESET = earliest
2026-05-21 18:41:03 | INFO | A02 | MESSAGE_INTERVAL_SECONDS = 1.0
2026-05-21 18:41:03 | INFO | A02 | MESSAGE_COUNT           = 6
2026-05-21 18:41:03 | INFO | A02 | Verifying Kafka connection...
2026-05-21 18:41:03 | INFO | A02 | Kafka port is reachable.
2026-05-21 18:41:11 | INFO | A02 | Topics currently in Kafka: ['__consumer_offsets', 'streaming-02-kafka-case']
2026-05-21 18:41:11 | INFO | A02 | Topic 'streaming-02-kafka-case' already exists. No action needed.
2026-05-21 18:41:11 | INFO | A02 | To start fresh, run:  uv run python -m streaming.admin --recreate
2026-05-21 18:41:11 | INFO | A02 | Topics currently in Kafka: ['__consumer_offsets', 'streaming-02-kafka-case']
2026-05-21 18:41:11 | INFO | A02 | ========================
2026-05-21 18:41:11 | INFO | A02 | Admin executed successfully!
2026-05-21 18:41:11 | INFO | A02 | ========================
2026-05-21 18:41:14 | DEBUG | C02 | KAFKA_BOOTSTRAP_SERVERS           = localhost:9092
2026-05-21 18:41:14 | DEBUG | C02 | KAFKA_BROKER_ADDRESS_FAMILY       = v6
2026-05-21 18:41:14 | DEBUG | C02 | KAFKA_TOPIC                       = streaming-02-kafka-case
2026-05-21 18:41:14 | DEBUG | C02 | KAFKA_CLEAR_TOPIC_ON_START        = true
2026-05-21 18:41:14 | DEBUG | C02 | PRODUCER_MESSAGE_COUNT            = 3
2026-05-21 18:41:14 | DEBUG | C02 | PRODUCER_MESSAGE_INTERVAL_SECONDS = 2
2026-05-21 18:41:14 | DEBUG | C02 | PRODUCER_MAX_MESSAGES             = 50
2026-05-21 18:41:14 | DEBUG | C02 | PRODUCER_POLL_INTERVAL_SECONDS    = 15
2026-05-21 18:41:14 | DEBUG | C02 | KAFKA_GROUP_ID                    = streaming-consumer-group-A
2026-05-21 18:41:14 | DEBUG | C02 | KAFKA_AUTO_OFFSET_RESET           = earliest
2026-05-21 18:41:14 | DEBUG | C02 | CONSUMER_TIMEOUT_SECONDS          = 10
2026-05-21 18:41:14 | DEBUG | C02 | CONSUMER_MAX_MESSAGES             = 1000
2026-05-21 18:41:14 | INFO | C02 | === RUN START ===
2026-05-21 18:41:14 | INFO | C02 | project=C02
2026-05-21 18:41:14 | INFO | C02 | repo_dir=streaming-02-kafka
2026-05-21 18:41:14 | INFO | C02 | python=3.14.3
2026-05-21 18:41:14 | INFO | C02 | os=Windows 11
2026-05-21 18:41:14 | INFO | C02 | shell=powershell
2026-05-21 18:41:14 | INFO | C02 | cwd=.
2026-05-21 18:41:14 | INFO | C02 | github_actions=False
2026-05-21 18:41:14 | INFO | C02 | ========================
2026-05-21 18:41:14 | INFO | C02 | START consumer main()
2026-05-21 18:41:14 | INFO | C02 | ========================
2026-05-21 18:41:14 | INFO | C02 | ROOT_DIR = .
2026-05-21 18:41:14 | INFO | C02 | DATA_DIR = data
2026-05-21 18:41:14 | INFO | C02 | OUTPUT_CSV = data\output\consumed_sales_modified.csv
2026-05-21 18:41:14 | INFO | C02 | ========================
2026-05-21 18:41:14 | INFO | C02 | SECTION A. Acquire
2026-05-21 18:41:14 | INFO | C02 | ========================
2026-05-21 18:41:14 | INFO | C02 | Loading settings from .env...
2026-05-21 18:41:14 | INFO | C02 | KAFKA_BOOTSTRAP_SERVERS  = localhost:9092
2026-05-21 18:41:14 | INFO | C02 | KAFKA_TOPIC              = streaming-02-kafka-case
2026-05-21 18:41:14 | INFO | C02 | KAFKA_GROUP_ID           = streaming-consumer-group-A
2026-05-21 18:41:14 | INFO | C02 | CONSUMER_TIMEOUT_SECONDS = 10.0
2026-05-21 18:41:14 | INFO | C02 | CONSUMER_MAX_MESSAGES    = 1000
2026-05-21 18:41:14 | INFO | C02 | Verifying Kafka connection...
2026-05-21 18:41:14 | INFO | C02 | Kafka port is reachable.
2026-05-21 18:41:14 | INFO | C02 | Verifying Kafka topic...
2026-05-21 18:41:16 | INFO | C02 | Topic 'streaming-02-kafka-case' exists.
2026-05-21 18:41:16 | INFO | C02 | Found 0 message(s) available.
2026-05-21 18:41:16 | ERROR | C02 | Topic is empty. Run the producer first.
2026-05-21 18:41:22 | DEBUG | P02 | KAFKA_BOOTSTRAP_SERVERS           = localhost:9092
2026-05-21 18:41:22 | DEBUG | P02 | KAFKA_BROKER_ADDRESS_FAMILY       = v6
2026-05-21 18:41:22 | DEBUG | P02 | KAFKA_TOPIC                       = streaming-02-kafka-case
2026-05-21 18:41:22 | DEBUG | P02 | KAFKA_CLEAR_TOPIC_ON_START        = true
2026-05-21 18:41:22 | DEBUG | P02 | PRODUCER_MESSAGE_COUNT            = 3
2026-05-21 18:41:22 | DEBUG | P02 | PRODUCER_MESSAGE_INTERVAL_SECONDS = 2
2026-05-21 18:41:22 | DEBUG | P02 | PRODUCER_MAX_MESSAGES             = 50
2026-05-21 18:41:22 | DEBUG | P02 | PRODUCER_POLL_INTERVAL_SECONDS    = 15
2026-05-21 18:41:22 | DEBUG | P02 | KAFKA_GROUP_ID                    = streaming-consumer-group-A
2026-05-21 18:41:22 | DEBUG | P02 | KAFKA_AUTO_OFFSET_RESET           = earliest
2026-05-21 18:41:22 | DEBUG | P02 | CONSUMER_TIMEOUT_SECONDS          = 10
2026-05-21 18:41:22 | DEBUG | P02 | CONSUMER_MAX_MESSAGES             = 1000
2026-05-21 18:41:22 | INFO | P02 | === RUN START ===
2026-05-21 18:41:22 | INFO | P02 | project=P02
2026-05-21 18:41:22 | INFO | P02 | repo_dir=streaming-02-kafka
2026-05-21 18:41:22 | INFO | P02 | python=3.14.3
2026-05-21 18:41:22 | INFO | P02 | os=Windows 11
2026-05-21 18:41:22 | INFO | P02 | shell=powershell
2026-05-21 18:41:22 | INFO | P02 | cwd=.
2026-05-21 18:41:22 | INFO | P02 | github_actions=False
2026-05-21 18:41:22 | INFO | P02 | ========================
2026-05-21 18:41:22 | INFO | P02 | START producer main()
2026-05-21 18:41:22 | INFO | P02 | ========================
2026-05-21 18:41:22 | INFO | P02 | ROOT_DIR = .
2026-05-21 18:41:22 | INFO | P02 | DATA_DIR = data
2026-05-21 18:41:22 | INFO | P02 | SALES_CSV = data\sales.csv
2026-05-21 18:41:22 | INFO | P02 | ========================
2026-05-21 18:41:22 | INFO | P02 | SECTION A. Acquire
2026-05-21 18:41:22 | INFO | P02 | ========================
2026-05-21 18:41:22 | INFO | P02 | Loading settings from .env...
2026-05-21 18:41:22 | INFO | P02 | KAFKA_BOOTSTRAP_SERVERS           = localhost:9092
2026-05-21 18:41:22 | INFO | P02 | KAFKA_TOPIC                       = streaming-02-kafka-case
2026-05-21 18:41:22 | INFO | P02 | PRODUCER_MESSAGE_COUNT            = 3
2026-05-21 18:41:22 | INFO | P02 | PRODUCER_MESSAGE_INTERVAL_SECONDS = 2.0
2026-05-21 18:41:22 | INFO | P02 | KAFKA_CLEAR_TOPIC_ON_START        = True
2026-05-21 18:41:22 | INFO | P02 | Verifying Kafka connection...
2026-05-21 18:41:22 | INFO | P02 | Kafka port is reachable.
2026-05-21 18:41:26 | INFO | P02 | ========================
2026-05-21 18:41:26 | INFO | P02 | SECTION P. Produce Messages
2026-05-21 18:41:26 | INFO | P02 | ========================
2026-05-21 18:41:26 | INFO | P02 | Sending messages...
2026-05-21 18:41:26 | INFO | P02 | Sending up to 3 message(s) to topic 'streaming-02-kafka-case'.
2026-05-21 18:41:26 | INFO | P02 | Watch each sale arrive. Press CTRL+C to stop early.

2026-05-21 18:41:26 | INFO | P02 | {
  order_id: e7324981-a9f0-419f-b708-d0a333451fff
  datetime: 2026-05-04T08:11:00Z
  region_id: US-TX
  currency_code: USD
  product_id: PY-STREAM-005
  unit_price: 59.99
  quantity: 3
  is_online: true
  customer_id: CUST-4150
  is_new_customer: false
  device_type: tablet
  payment_method: paypal
  referral_source: paid_search
  discount_code: 
  customer_note: Gift for my team
}
2026-05-21 18:41:26 | INFO | P02 |   Sending message with key=CUST-4150
2026-05-21 18:41:26 | INFO | P02 |   MESSAGE SENT  sent=1
2026-05-21 18:41:28 | INFO | P02 | {
  order_id: d61943e0-f543-4b5f-9c9a-18605ea4cfe5
  datetime: 2026-05-04T08:23:00Z
  region_id: US-TX
  currency_code: USD
  product_id: PY-DATA-002
  unit_price: 49.99
  quantity: 1
  is_online: true
  customer_id: CUST-1106
  is_new_customer: false
  device_type: mobile
  payment_method: paypal
  referral_source: paid_search
  discount_code: 
  customer_note: Gift for my team
}
2026-05-21 18:41:28 | INFO | P02 |   Sending message with key=CUST-1106
2026-05-21 18:41:28 | INFO | P02 |   MESSAGE SENT  sent=2
2026-05-21 18:41:30 | INFO | P02 | {
  order_id: 14da1915-8e74-47be-9e10-f7275d31af46
  datetime: 2026-05-04T08:28:00Z
  region_id: CA-QC
  currency_code: CAD
  product_id: PY-NLP-006
  unit_price: 54.99
  quantity: 1
  is_online: true
  customer_id: CUST-2133
  is_new_customer: false
  device_type: desktop
  payment_method: paypal
  referral_source: organic
  discount_code: 
  customer_note: Learning at my own pace
}
2026-05-21 18:41:30 | INFO | P02 |   Sending message with key=CUST-2133
2026-05-21 18:41:30 | INFO | P02 |   MESSAGE SENT  sent=3
2026-05-21 18:41:32 | INFO | P02 | ========================
2026-05-21 18:41:32 | INFO | P02 | SECTION E. Exit
2026-05-21 18:41:32 | INFO | P02 | ========================
2026-05-21 18:41:32 | INFO | P02 | Summary:
2026-05-21 18:41:32 | INFO | P02 | Sent 3 message(s) to topic 'streaming-02-kafka-case'.
2026-05-21 18:41:32 | INFO | P02 | ========================
2026-05-21 18:41:32 | INFO | P02 | Producer executed successfully!
2026-05-21 18:41:32 | INFO | P02 | ========================
2026-05-21 18:43:32 | INFO | A02 | === RUN START ===
2026-05-21 18:43:32 | INFO | A02 | project=A02
2026-05-21 18:43:32 | INFO | A02 | repo_dir=streaming-02-kafka
2026-05-21 18:43:32 | INFO | A02 | python=3.14.3
2026-05-21 18:43:32 | INFO | A02 | os=Windows 11
2026-05-21 18:43:32 | INFO | A02 | shell=powershell
2026-05-21 18:43:32 | INFO | A02 | cwd=.
2026-05-21 18:43:32 | INFO | A02 | github_actions=False
2026-05-21 18:43:32 | INFO | A02 | ========================
2026-05-21 18:43:32 | INFO | A02 | START admin main()
2026-05-21 18:43:32 | INFO | A02 | ========================
2026-05-21 18:43:32 | INFO | A02 | KAFKA_BOOTSTRAP_SERVERS = localhost:9092
2026-05-21 18:43:32 | INFO | A02 | KAFKA_TOPIC             = streaming-02-kafka-case
2026-05-21 18:43:32 | INFO | A02 | KAFKA_GROUP_ID          = streaming-consumer-group-A
2026-05-21 18:43:32 | INFO | A02 | KAFKA_AUTO_OFFSET_RESET = earliest
2026-05-21 18:43:32 | INFO | A02 | MESSAGE_INTERVAL_SECONDS = 1.0
2026-05-21 18:43:32 | INFO | A02 | MESSAGE_COUNT           = 6
2026-05-21 18:43:32 | INFO | A02 | Verifying Kafka connection...
2026-05-21 18:43:32 | INFO | A02 | Kafka port is reachable.
2026-05-21 18:43:32 | INFO | A02 | Topics currently in Kafka: ['__consumer_offsets', 'streaming-02-kafka-case']
2026-05-21 18:43:32 | INFO | A02 | Topic 'streaming-02-kafka-case' already exists. No action needed.
2026-05-21 18:43:32 | INFO | A02 | To start fresh, run:  uv run python -m streaming.admin --recreate
2026-05-21 18:43:32 | INFO | A02 | Topics currently in Kafka: ['__consumer_offsets', 'streaming-02-kafka-case']
2026-05-21 18:43:32 | INFO | A02 | ========================
2026-05-21 18:43:32 | INFO | A02 | Admin executed successfully!
2026-05-21 18:43:32 | INFO | A02 | ========================
2026-05-21 18:44:26 | DEBUG | C02 | KAFKA_BOOTSTRAP_SERVERS           = localhost:9092
2026-05-21 18:44:26 | DEBUG | C02 | KAFKA_BROKER_ADDRESS_FAMILY       = v6
2026-05-21 18:44:26 | DEBUG | C02 | KAFKA_TOPIC                       = streaming-02-kafka-case
2026-05-21 18:44:26 | DEBUG | C02 | KAFKA_CLEAR_TOPIC_ON_START        = true
2026-05-21 18:44:26 | DEBUG | C02 | PRODUCER_MESSAGE_COUNT            = 3
2026-05-21 18:44:26 | DEBUG | C02 | PRODUCER_MESSAGE_INTERVAL_SECONDS = 2
2026-05-21 18:44:26 | DEBUG | C02 | PRODUCER_MAX_MESSAGES             = 50
2026-05-21 18:44:26 | DEBUG | C02 | PRODUCER_POLL_INTERVAL_SECONDS    = 15
2026-05-21 18:44:26 | DEBUG | C02 | KAFKA_GROUP_ID                    = streaming-consumer-group-A
2026-05-21 18:44:26 | DEBUG | C02 | KAFKA_AUTO_OFFSET_RESET           = earliest
2026-05-21 18:44:26 | DEBUG | C02 | CONSUMER_TIMEOUT_SECONDS          = 10
2026-05-21 18:44:26 | DEBUG | C02 | CONSUMER_MAX_MESSAGES             = 1000
2026-05-21 18:44:26 | INFO | C02 | === RUN START ===
2026-05-21 18:44:26 | INFO | C02 | project=C02
2026-05-21 18:44:26 | INFO | C02 | repo_dir=streaming-02-kafka
2026-05-21 18:44:26 | INFO | C02 | python=3.14.3
2026-05-21 18:44:26 | INFO | C02 | os=Windows 11
2026-05-21 18:44:26 | INFO | C02 | shell=powershell
2026-05-21 18:44:26 | INFO | C02 | cwd=.
2026-05-21 18:44:26 | INFO | C02 | github_actions=False
2026-05-21 18:44:26 | INFO | C02 | ========================
2026-05-21 18:44:26 | INFO | C02 | START consumer main()
2026-05-21 18:44:26 | INFO | C02 | ========================
2026-05-21 18:44:26 | INFO | C02 | ROOT_DIR = .
2026-05-21 18:44:26 | INFO | C02 | DATA_DIR = data
2026-05-21 18:44:26 | INFO | C02 | OUTPUT_CSV = data\output\consumed_sales_modified.csv
2026-05-21 18:44:26 | INFO | C02 | ========================
2026-05-21 18:44:26 | INFO | C02 | SECTION A. Acquire
2026-05-21 18:44:26 | INFO | C02 | ========================
2026-05-21 18:44:26 | INFO | C02 | Loading settings from .env...
2026-05-21 18:44:26 | INFO | C02 | KAFKA_BOOTSTRAP_SERVERS  = localhost:9092
2026-05-21 18:44:26 | INFO | C02 | KAFKA_TOPIC              = streaming-02-kafka-case
2026-05-21 18:44:26 | INFO | C02 | KAFKA_GROUP_ID           = streaming-consumer-group-A
2026-05-21 18:44:26 | INFO | C02 | CONSUMER_TIMEOUT_SECONDS = 10.0
2026-05-21 18:44:26 | INFO | C02 | CONSUMER_MAX_MESSAGES    = 1000
2026-05-21 18:44:26 | INFO | C02 | Verifying Kafka connection...
2026-05-21 18:44:26 | INFO | C02 | Kafka port is reachable.
2026-05-21 18:44:26 | INFO | C02 | Verifying Kafka topic...
2026-05-21 18:44:26 | INFO | C02 | Topic 'streaming-02-kafka-case' exists.
2026-05-21 18:44:26 | INFO | C02 | Found 3 message(s) available.
2026-05-21 18:44:26 | INFO | C02 | Creating Kafka consumer...
2026-05-21 18:44:26 | INFO | C02 | Subscribed to topic: 'streaming-02-kafka-case' (reading from beginning)
2026-05-21 18:44:26 | INFO | C02 | ========================
2026-05-21 18:44:26 | INFO | C02 | SECTION C. Consume and Process Messages
2026-05-21 18:44:26 | INFO | C02 | ========================
2026-05-21 18:44:26 | INFO | C02 | Initializing output...
2026-05-21 18:44:26 | INFO | C02 | Output CSV cleared: consumed_sales_modified.csv
2026-05-21 18:44:26 | INFO | C02 | Consuming messages...
2026-05-21 18:44:26 | INFO | C02 | Waiting for up to 1000 message(s).
2026-05-21 18:44:26 | INFO | C02 | Press CTRL+C to stop early.

2026-05-21 18:44:29 | INFO | C02 | {'currency_code': 'USD', 'customer_id': 'CUST-4150', 'customer_note': 'Gift for my team', 'datetime': '2026-05-04T08:11:00Z', 'device_type': 'tablet', 'discount_code': '', 'is_new_customer': 'false', 'is_online': 'true', 'order_id': 'e7324981-a9f0-419f-b708-d0a333451fff', 'payment_method': 'paypal', 'product_id': 'PY-STREAM-005', 'quantity': '3', 'referral_source': 'paid_search', 'region_id': 'US-TX', 'unit_price': '59.99', '_kafka_key': 'CUST-4150', '_kafka_partition': 0, '_kafka_offset': 0}
2026-05-21 18:44:29 | INFO | C02 | Processing raw message.
2026-05-21 18:44:29 | INFO | C02 | MESSAGE CONSUMED
2026-05-21 18:44:29 | INFO | C02 | consumed=1
2026-05-21 18:44:29 | INFO | C02 | {'currency_code': 'USD', 'customer_id': 'CUST-1106', 'customer_note': 'Gift for my team', 'datetime': '2026-05-04T08:23:00Z', 'device_type': 'mobile', 'discount_code': '', 'is_new_customer': 'false', 'is_online': 'true', 'order_id': 'd61943e0-f543-4b5f-9c9a-18605ea4cfe5', 'payment_method': 'paypal', 'product_id': 'PY-DATA-002', 'quantity': '1', 'referral_source': 'paid_search', 'region_id': 'US-TX', 'unit_price': '49.99', '_kafka_key': 'CUST-1106', '_kafka_partition': 0, '_kafka_offset': 1}
2026-05-21 18:44:29 | INFO | C02 | Processing raw message.
2026-05-21 18:44:29 | INFO | C02 | MESSAGE CONSUMED
2026-05-21 18:44:29 | INFO | C02 | consumed=2
2026-05-21 18:44:29 | INFO | C02 | {'currency_code': 'CAD', 'customer_id': 'CUST-2133', 'customer_note': 'Learning at my own pace', 'datetime': '2026-05-04T08:28:00Z', 'device_type': 'desktop', 'discount_code': '', 'is_new_customer': 'false', 'is_online': 'true', 'order_id': '14da1915-8e74-47be-9e10-f7275d31af46', 'payment_method': 'paypal', 'product_id': 'PY-NLP-006', 'quantity': '1', 'referral_source': 'organic', 'region_id': 'CA-QC', 'unit_price': '54.99', '_kafka_key': 'CUST-2133', '_kafka_partition': 0, '_kafka_offset': 2}
2026-05-21 18:44:29 | INFO | C02 | Processing raw message.
2026-05-21 18:44:29 | INFO | C02 | MESSAGE CONSUMED
2026-05-21 18:44:29 | INFO | C02 | consumed=3
2026-05-21 18:44:39 | INFO | C02 | No message received within 10.0s timeout.
2026-05-21 18:44:39 | INFO | C02 | Producer finished or paused. Stopping consumer.
2026-05-21 18:44:39 | INFO | C02 | Kafka consumer closed.
2026-05-21 18:44:39 | INFO | C02 | ========================
2026-05-21 18:44:39 | INFO | C02 | SECTION E. Exit
2026-05-21 18:44:39 | INFO | C02 | ========================
2026-05-21 18:44:39 | INFO | C02 | Summary:
2026-05-21 18:44:39 | INFO | C02 | Consumed 3 message(s) from topic 'streaming-02-kafka-case'.
2026-05-21 18:44:39 | INFO | C02 | OUTPUT_CSV = data\output\consumed_sales_modified.csv
2026-05-21 18:44:39 | INFO | C02 | ========================
2026-05-21 18:44:39 | INFO | C02 | Consumer executed successfully!
2026-05-21 18:44:39 | INFO | C02 | ========================
2026-05-21 18:45:23 | DEBUG | P02 | KAFKA_BOOTSTRAP_SERVERS           = localhost:9092
2026-05-21 18:45:23 | DEBUG | P02 | KAFKA_BROKER_ADDRESS_FAMILY       = v6
2026-05-21 18:45:23 | DEBUG | P02 | KAFKA_TOPIC                       = streaming-02-kafka-case
2026-05-21 18:45:23 | DEBUG | P02 | KAFKA_CLEAR_TOPIC_ON_START        = true
2026-05-21 18:45:23 | DEBUG | P02 | PRODUCER_MESSAGE_COUNT            = 3
2026-05-21 18:45:23 | DEBUG | P02 | PRODUCER_MESSAGE_INTERVAL_SECONDS = 2
2026-05-21 18:45:23 | DEBUG | P02 | PRODUCER_MAX_MESSAGES             = 50
2026-05-21 18:45:23 | DEBUG | P02 | PRODUCER_POLL_INTERVAL_SECONDS    = 15
2026-05-21 18:45:23 | DEBUG | P02 | KAFKA_GROUP_ID                    = streaming-consumer-group-A
2026-05-21 18:45:23 | DEBUG | P02 | KAFKA_AUTO_OFFSET_RESET           = earliest
2026-05-21 18:45:23 | DEBUG | P02 | CONSUMER_TIMEOUT_SECONDS          = 10
2026-05-21 18:45:23 | DEBUG | P02 | CONSUMER_MAX_MESSAGES             = 1000
2026-05-21 18:45:23 | INFO | P02 | === RUN START ===
2026-05-21 18:45:23 | INFO | P02 | project=P02
2026-05-21 18:45:23 | INFO | P02 | repo_dir=streaming-02-kafka
2026-05-21 18:45:23 | INFO | P02 | python=3.14.3
2026-05-21 18:45:23 | INFO | P02 | os=Windows 11
2026-05-21 18:45:23 | INFO | P02 | shell=powershell
2026-05-21 18:45:23 | INFO | P02 | cwd=.
2026-05-21 18:45:23 | INFO | P02 | github_actions=False
2026-05-21 18:45:23 | INFO | P02 | ========================
2026-05-21 18:45:23 | INFO | P02 | START producer main()
2026-05-21 18:45:23 | INFO | P02 | ========================
2026-05-21 18:45:23 | INFO | P02 | ROOT_DIR = .
2026-05-21 18:45:23 | INFO | P02 | DATA_DIR = data
2026-05-21 18:45:23 | INFO | P02 | SALES_CSV = data\sales.csv
2026-05-21 18:45:23 | INFO | P02 | ========================
2026-05-21 18:45:23 | INFO | P02 | SECTION A. Acquire
2026-05-21 18:45:23 | INFO | P02 | ========================
2026-05-21 18:45:23 | INFO | P02 | Loading settings from .env...
2026-05-21 18:45:23 | INFO | P02 | KAFKA_BOOTSTRAP_SERVERS           = localhost:9092
2026-05-21 18:45:23 | INFO | P02 | KAFKA_TOPIC                       = streaming-02-kafka-case
2026-05-21 18:45:23 | INFO | P02 | PRODUCER_MESSAGE_COUNT            = 3
2026-05-21 18:45:23 | INFO | P02 | PRODUCER_MESSAGE_INTERVAL_SECONDS = 2.0
2026-05-21 18:45:23 | INFO | P02 | KAFKA_CLEAR_TOPIC_ON_START        = True
2026-05-21 18:45:23 | INFO | P02 | Verifying Kafka connection...
2026-05-21 18:45:23 | INFO | P02 | Kafka port is reachable.
2026-05-21 18:45:27 | INFO | P02 | ========================
2026-05-21 18:45:27 | INFO | P02 | SECTION P. Produce Messages
2026-05-21 18:45:27 | INFO | P02 | ========================
2026-05-21 18:45:27 | INFO | P02 | Sending messages...
2026-05-21 18:45:27 | INFO | P02 | Sending up to 3 message(s) to topic 'streaming-02-kafka-case'.
2026-05-21 18:45:27 | INFO | P02 | Watch each sale arrive. Press CTRL+C to stop early.

2026-05-21 18:45:27 | INFO | P02 | {
  order_id: e7324981-a9f0-419f-b708-d0a333451fff
  datetime: 2026-05-04T08:11:00Z
  region_id: US-TX
  currency_code: USD
  product_id: PY-STREAM-005
  unit_price: 59.99
  quantity: 3
  is_online: true
  customer_id: CUST-4150
  is_new_customer: false
  device_type: tablet
  payment_method: paypal
  referral_source: paid_search
  discount_code: 
  customer_note: Gift for my team
}
2026-05-21 18:45:27 | INFO | P02 |   Sending message with key=CUST-4150
2026-05-21 18:45:27 | INFO | P02 |   MESSAGE SENT  sent=1
2026-05-21 18:45:29 | INFO | P02 | {
  order_id: d61943e0-f543-4b5f-9c9a-18605ea4cfe5
  datetime: 2026-05-04T08:23:00Z
  region_id: US-TX
  currency_code: USD
  product_id: PY-DATA-002
  unit_price: 49.99
  quantity: 1
  is_online: true
  customer_id: CUST-1106
  is_new_customer: false
  device_type: mobile
  payment_method: paypal
  referral_source: paid_search
  discount_code: 
  customer_note: Gift for my team
}
2026-05-21 18:45:29 | INFO | P02 |   Sending message with key=CUST-1106
2026-05-21 18:45:29 | INFO | P02 |   MESSAGE SENT  sent=2
2026-05-21 18:45:31 | INFO | P02 | {
  order_id: 14da1915-8e74-47be-9e10-f7275d31af46
  datetime: 2026-05-04T08:28:00Z
  region_id: CA-QC
  currency_code: CAD
  product_id: PY-NLP-006
  unit_price: 54.99
  quantity: 1
  is_online: true
  customer_id: CUST-2133
  is_new_customer: false
  device_type: desktop
  payment_method: paypal
  referral_source: organic
  discount_code: 
  customer_note: Learning at my own pace
}
2026-05-21 18:45:31 | INFO | P02 |   Sending message with key=CUST-2133
2026-05-21 18:45:32 | INFO | P02 |   MESSAGE SENT  sent=3
2026-05-21 18:45:34 | INFO | P02 | ========================
2026-05-21 18:45:34 | INFO | P02 | SECTION E. Exit
2026-05-21 18:45:34 | INFO | P02 | ========================
2026-05-21 18:45:34 | INFO | P02 | Summary:
2026-05-21 18:45:34 | INFO | P02 | Sent 3 message(s) to topic 'streaming-02-kafka-case'.
2026-05-21 18:45:34 | INFO | P02 | ========================
2026-05-21 18:45:34 | INFO | P02 | Producer executed successfully!
2026-05-21 18:45:34 | INFO | P02 | ========================
2026-05-21 18:47:35 | DEBUG | C02 | KAFKA_BOOTSTRAP_SERVERS           = localhost:9092
2026-05-21 18:47:35 | DEBUG | C02 | KAFKA_BROKER_ADDRESS_FAMILY       = v6
2026-05-21 18:47:35 | DEBUG | C02 | KAFKA_TOPIC                       = streaming-02-kafka-case
2026-05-21 18:47:35 | DEBUG | C02 | KAFKA_CLEAR_TOPIC_ON_START        = true
2026-05-21 18:47:35 | DEBUG | C02 | PRODUCER_MESSAGE_COUNT            = 3
2026-05-21 18:47:35 | DEBUG | C02 | PRODUCER_MESSAGE_INTERVAL_SECONDS = 2
2026-05-21 18:47:35 | DEBUG | C02 | PRODUCER_MAX_MESSAGES             = 50
2026-05-21 18:47:35 | DEBUG | C02 | PRODUCER_POLL_INTERVAL_SECONDS    = 15
2026-05-21 18:47:35 | DEBUG | C02 | KAFKA_GROUP_ID                    = streaming-consumer-group-A
2026-05-21 18:47:35 | DEBUG | C02 | KAFKA_AUTO_OFFSET_RESET           = earliest
2026-05-21 18:47:35 | DEBUG | C02 | CONSUMER_TIMEOUT_SECONDS          = 10
2026-05-21 18:47:35 | DEBUG | C02 | CONSUMER_MAX_MESSAGES             = 1000
2026-05-21 18:47:35 | INFO | C02 | === RUN START ===
2026-05-21 18:47:35 | INFO | C02 | project=C02
2026-05-21 18:47:35 | INFO | C02 | repo_dir=streaming-02-kafka
2026-05-21 18:47:35 | INFO | C02 | python=3.14.3
2026-05-21 18:47:35 | INFO | C02 | os=Windows 11
2026-05-21 18:47:35 | INFO | C02 | shell=powershell
2026-05-21 18:47:35 | INFO | C02 | cwd=.
2026-05-21 18:47:35 | INFO | C02 | github_actions=False
2026-05-21 18:47:35 | INFO | C02 | ========================
2026-05-21 18:47:35 | INFO | C02 | START consumer main()
2026-05-21 18:47:35 | INFO | C02 | ========================
2026-05-21 18:47:35 | INFO | C02 | ROOT_DIR = .
2026-05-21 18:47:35 | INFO | C02 | DATA_DIR = data
2026-05-21 18:47:35 | INFO | C02 | OUTPUT_CSV = data\output\consumed_sales_modified.csv
2026-05-21 18:47:35 | INFO | C02 | ========================
2026-05-21 18:47:35 | INFO | C02 | SECTION A. Acquire
2026-05-21 18:47:35 | INFO | C02 | ========================
2026-05-21 18:47:35 | INFO | C02 | Loading settings from .env...
2026-05-21 18:47:35 | INFO | C02 | KAFKA_BOOTSTRAP_SERVERS  = localhost:9092
2026-05-21 18:47:35 | INFO | C02 | KAFKA_TOPIC              = streaming-02-kafka-case
2026-05-21 18:47:35 | INFO | C02 | KAFKA_GROUP_ID           = streaming-consumer-group-A
2026-05-21 18:47:35 | INFO | C02 | CONSUMER_TIMEOUT_SECONDS = 10.0
2026-05-21 18:47:35 | INFO | C02 | CONSUMER_MAX_MESSAGES    = 1000
2026-05-21 18:47:35 | INFO | C02 | Verifying Kafka connection...
2026-05-21 18:47:35 | INFO | C02 | Kafka port is reachable.
2026-05-21 18:47:35 | INFO | C02 | Verifying Kafka topic...
2026-05-21 18:47:35 | INFO | C02 | Topic 'streaming-02-kafka-case' exists.
2026-05-21 18:47:35 | INFO | C02 | Found 3 message(s) available.
2026-05-21 18:47:35 | INFO | C02 | Creating Kafka consumer...
2026-05-21 18:47:35 | INFO | C02 | Subscribed to topic: 'streaming-02-kafka-case' (reading from beginning)
2026-05-21 18:47:35 | INFO | C02 | ========================
2026-05-21 18:47:35 | INFO | C02 | SECTION C. Consume and Process Messages
2026-05-21 18:47:35 | INFO | C02 | ========================
2026-05-21 18:47:35 | INFO | C02 | Initializing output...
2026-05-21 18:47:35 | INFO | C02 | Output CSV cleared: consumed_sales_modified.csv
2026-05-21 18:47:35 | INFO | C02 | Consuming messages...
2026-05-21 18:47:35 | INFO | C02 | Waiting for up to 1000 message(s).
2026-05-21 18:47:35 | INFO | C02 | Press CTRL+C to stop early.

2026-05-21 18:47:38 | INFO | C02 | {'currency_code': 'USD', 'customer_id': 'CUST-4150', 'customer_note': 'Gift for my team', 'datetime': '2026-05-04T08:11:00Z', 'device_type': 'tablet', 'discount_code': '', 'is_new_customer': 'false', 'is_online': 'true', 'order_id': 'e7324981-a9f0-419f-b708-d0a333451fff', 'payment_method': 'paypal', 'product_id': 'PY-STREAM-005', 'quantity': '3', 'referral_source': 'paid_search', 'region_id': 'US-TX', 'unit_price': '59.99', '_kafka_key': 'CUST-4150', '_kafka_partition': 0, '_kafka_offset': 0}
2026-05-21 18:47:38 | INFO | C02 | Processing raw message.
2026-05-21 18:47:38 | INFO | C02 | MESSAGE CONSUMED
2026-05-21 18:47:38 | INFO | C02 | consumed=1
2026-05-21 18:47:38 | INFO | C02 | {'currency_code': 'USD', 'customer_id': 'CUST-1106', 'customer_note': 'Gift for my team', 'datetime': '2026-05-04T08:23:00Z', 'device_type': 'mobile', 'discount_code': '', 'is_new_customer': 'false', 'is_online': 'true', 'order_id': 'd61943e0-f543-4b5f-9c9a-18605ea4cfe5', 'payment_method': 'paypal', 'product_id': 'PY-DATA-002', 'quantity': '1', 'referral_source': 'paid_search', 'region_id': 'US-TX', 'unit_price': '49.99', '_kafka_key': 'CUST-1106', '_kafka_partition': 0, '_kafka_offset': 1}
2026-05-21 18:47:38 | INFO | C02 | Processing raw message.
2026-05-21 18:47:38 | INFO | C02 | MESSAGE CONSUMED
2026-05-21 18:47:38 | INFO | C02 | consumed=2
2026-05-21 18:47:38 | INFO | C02 | {'currency_code': 'CAD', 'customer_id': 'CUST-2133', 'customer_note': 'Learning at my own pace', 'datetime': '2026-05-04T08:28:00Z', 'device_type': 'desktop', 'discount_code': '', 'is_new_customer': 'false', 'is_online': 'true', 'order_id': '14da1915-8e74-47be-9e10-f7275d31af46', 'payment_method': 'paypal', 'product_id': 'PY-NLP-006', 'quantity': '1', 'referral_source': 'organic', 'region_id': 'CA-QC', 'unit_price': '54.99', '_kafka_key': 'CUST-2133', '_kafka_partition': 0, '_kafka_offset': 2}
2026-05-21 18:47:38 | INFO | C02 | Processing raw message.
2026-05-21 18:47:38 | INFO | C02 | MESSAGE CONSUMED
2026-05-21 18:47:38 | INFO | C02 | consumed=3
2026-05-21 18:47:48 | INFO | C02 | No message received within 10.0s timeout.
2026-05-21 18:47:48 | INFO | C02 | Producer finished or paused. Stopping consumer.
2026-05-21 18:47:48 | INFO | C02 | Kafka consumer closed.
2026-05-21 18:47:48 | INFO | C02 | ========================
2026-05-21 18:47:48 | INFO | C02 | SECTION E. Exit
2026-05-21 18:47:48 | INFO | C02 | ========================
2026-05-21 18:47:48 | INFO | C02 | Summary:
2026-05-21 18:47:48 | INFO | C02 | Consumed 3 message(s) from topic 'streaming-02-kafka-case'.
2026-05-21 18:47:48 | INFO | C02 | OUTPUT_CSV = data\output\consumed_sales_modified.csv
2026-05-21 18:47:48 | INFO | C02 | ========================
2026-05-21 18:47:48 | INFO | C02 | Consumer executed successfully!
2026-05-21 18:47:48 | INFO | C02 | ========================
